
         /\      Grafana   /‾‾/  
    /\  /  \     |\  __   /  /   
   /  \/    \    | |/ /  /   ‾‾\ 
  /          \   |   (  |  (‾)  |
 / __________ \  |_|\_\  \_____/ 

     execution: local
        script: D:\javaproject\FlashChat\perf\k6\ten-room.js
        output: -

     scenarios: (100.00%) 2 scenarios, 270 max VUs, 7m5s max duration (incl. graceful stop):
              * listeners: 20 looping VUs for 7m0s (exec: listeners, gracefulStop: 5s)
              * senders: Up to 250 looping VUs for 5m50s over 3 stages (gracefulRampDown: 10s, exec: senders, gracefulStop: 30s)


Run         [ 100% ] setup()
listeners   [   0% ]
senders     [   0% ]

Run         [ 100% ] setup()
listeners   [   0% ]
senders     [   0% ]

Run         [ 100% ] setup()
listeners   [   0% ]
senders     [   0% ]

Run         [ 100% ] setup()
listeners   [   0% ]
senders     [   0% ]

Run         [ 100% ] setup()
listeners   [   0% ]
senders     [   0% ]

Run         [ 100% ] setup()
listeners   [   0% ]
senders     [   0% ]

Run         [ 100% ] setup()
listeners   [   0% ]
senders     [   0% ]

Run         [ 100% ] setup()
listeners   [   0% ]
senders     [   0% ]

Run         [ 100% ] setup()
listeners   [   0% ]
senders     [   0% ]

Run         [ 100% ] setup()
listeners   [   0% ]
senders     [   0% ]

Run         [ 100% ] setup()
listeners   [   0% ]
senders     [   0% ]

Run         [ 100% ] setup()
listeners   [   0% ]
senders     [   0% ]

Run         [ 100% ] setup()
listeners   [   0% ]
senders     [   0% ]

Run         [ 100% ] setup()
listeners   [   0% ]
senders     [   0% ]

Run         [ 100% ] setup()
listeners   [   0% ]
senders     [   0% ]

Run         [ 100% ] setup()
listeners   [   0% ]
senders     [   0% ]

Run         [ 100% ] setup()
listeners   [   0% ]
senders     [   0% ]

Run         [ 100% ] setup()
listeners   [   0% ]
senders     [   0% ]

Run         [ 100% ] setup()
listeners   [   0% ]
senders     [   0% ]

running (0m19.8s), 023/270 VUs, 0 complete and 0 interrupted iterations
listeners   [   0% ] 20 VUs       0m00.3s/7m0s
senders     [   0% ] 003/250 VUs  0m00.3s/5m50.0s

running (0m20.8s), 031/270 VUs, 28 complete and 0 interrupted iterations
listeners   [   0% ] 20 VUs       0m01.3s/7m0s
senders     [   0% ] 011/250 VUs  0m01.3s/5m50.0s

running (0m21.8s), 039/270 VUs, 95 complete and 0 interrupted iterations
listeners   [   1% ] 20 VUs       0m02.3s/7m0s
senders     [   1% ] 019/250 VUs  0m02.3s/5m50.0s

running (0m22.8s), 048/270 VUs, 201 complete and 0 interrupted iterations
listeners   [   1% ] 20 VUs       0m03.3s/7m0s
senders     [   1% ] 028/250 VUs  0m03.3s/5m50.0s

running (0m23.8s), 056/270 VUs, 349 complete and 0 interrupted iterations
listeners   [   1% ] 20 VUs       0m04.3s/7m0s
senders     [   1% ] 036/250 VUs  0m04.3s/5m50.0s

running (0m24.8s), 064/270 VUs, 538 complete and 0 interrupted iterations
listeners   [   1% ] 20 VUs       0m05.3s/7m0s
senders     [   2% ] 044/250 VUs  0m05.3s/5m50.0s

running (0m25.8s), 073/270 VUs, 763 complete and 0 interrupted iterations
listeners   [   1% ] 20 VUs       0m06.3s/7m0s
senders     [   2% ] 053/250 VUs  0m06.3s/5m50.0s

running (0m26.8s), 081/270 VUs, 1022 complete and 0 interrupted iterations
listeners   [   2% ] 20 VUs       0m07.3s/7m0s
senders     [   2% ] 061/250 VUs  0m07.3s/5m50.0s

running (0m27.8s), 089/270 VUs, 1320 complete and 0 interrupted iterations
listeners   [   2% ] 20 VUs       0m08.3s/7m0s
senders     [   2% ] 069/250 VUs  0m08.3s/5m50.0s

running (0m28.8s), 097/270 VUs, 1667 complete and 0 interrupted iterations
listeners   [   2% ] 20 VUs       0m09.3s/7m0s
senders     [   3% ] 077/250 VUs  0m09.3s/5m50.0s

running (0m29.8s), 106/270 VUs, 2052 complete and 0 interrupted iterations
listeners   [   2% ] 20 VUs       0m10.3s/7m0s
senders     [   3% ] 086/250 VUs  0m10.3s/5m50.0s

running (0m30.8s), 114/270 VUs, 2470 complete and 0 interrupted iterations
listeners   [   3% ] 20 VUs       0m11.3s/7m0s
senders     [   3% ] 094/250 VUs  0m11.3s/5m50.0s

running (0m31.8s), 122/270 VUs, 2931 complete and 0 interrupted iterations
listeners   [   3% ] 20 VUs       0m12.3s/7m0s
senders     [   4% ] 102/250 VUs  0m12.3s/5m50.0s

running (0m32.8s), 131/270 VUs, 3436 complete and 0 interrupted iterations
listeners   [   3% ] 20 VUs       0m13.3s/7m0s
senders     [   4% ] 111/250 VUs  0m13.3s/5m50.0s

running (0m33.8s), 139/270 VUs, 3976 complete and 0 interrupted iterations
listeners   [   3% ] 20 VUs       0m14.3s/7m0s
senders     [   4% ] 119/250 VUs  0m14.3s/5m50.0s

running (0m34.8s), 147/270 VUs, 4532 complete and 0 interrupted iterations
listeners   [   4% ] 20 VUs       0m15.3s/7m0s
senders     [   4% ] 127/250 VUs  0m15.3s/5m50.0s

running (0m35.8s), 156/270 VUs, 5141 complete and 0 interrupted iterations
listeners   [   4% ] 20 VUs       0m16.3s/7m0s
senders     [   5% ] 136/250 VUs  0m16.3s/5m50.0s

running (0m36.8s), 164/270 VUs, 5753 complete and 0 interrupted iterations
listeners   [   4% ] 20 VUs       0m17.3s/7m0s
senders     [   5% ] 144/250 VUs  0m17.3s/5m50.0s

running (0m37.8s), 172/270 VUs, 6476 complete and 0 interrupted iterations
listeners   [   4% ] 20 VUs       0m18.3s/7m0s
senders     [   5% ] 152/250 VUs  0m18.3s/5m50.0s

running (0m38.8s), 181/270 VUs, 7190 complete and 0 interrupted iterations
listeners   [   5% ] 20 VUs       0m19.3s/7m0s
senders     [   6% ] 161/250 VUs  0m19.3s/5m50.0s

running (0m39.8s), 189/270 VUs, 7944 complete and 0 interrupted iterations
listeners   [   5% ] 20 VUs       0m20.3s/7m0s
senders     [   6% ] 169/250 VUs  0m20.3s/5m50.0s

running (0m40.8s), 197/270 VUs, 8715 complete and 0 interrupted iterations
listeners   [   5% ] 20 VUs       0m21.3s/7m0s
senders     [   6% ] 177/250 VUs  0m21.3s/5m50.0s

running (0m41.8s), 205/270 VUs, 9183 complete and 0 interrupted iterations
listeners   [   5% ] 20 VUs       0m22.3s/7m0s
senders     [   6% ] 185/250 VUs  0m22.3s/5m50.0s

running (0m42.8s), 214/270 VUs, 9876 complete and 0 interrupted iterations
listeners   [   6% ] 20 VUs       0m23.3s/7m0s
senders     [   7% ] 194/250 VUs  0m23.3s/5m50.0s

running (0m43.8s), 222/270 VUs, 10587 complete and 0 interrupted iterations
listeners   [   6% ] 20 VUs       0m24.3s/7m0s
senders     [   7% ] 202/250 VUs  0m24.3s/5m50.0s

running (0m44.8s), 230/270 VUs, 11417 complete and 0 interrupted iterations
listeners   [   6% ] 20 VUs       0m25.3s/7m0s
senders     [   7% ] 210/250 VUs  0m25.3s/5m50.0s

running (0m45.8s), 239/270 VUs, 12413 complete and 0 interrupted iterations
listeners   [   6% ] 20 VUs       0m26.3s/7m0s
senders     [   8% ] 219/250 VUs  0m26.3s/5m50.0s

running (0m46.8s), 247/270 VUs, 13438 complete and 0 interrupted iterations
listeners   [   6% ] 20 VUs       0m27.3s/7m0s
senders     [   8% ] 227/250 VUs  0m27.3s/5m50.0s

running (0m47.8s), 255/270 VUs, 14421 complete and 0 interrupted iterations
listeners   [   7% ] 20 VUs       0m28.3s/7m0s
senders     [   8% ] 235/250 VUs  0m28.3s/5m50.0s

running (0m48.8s), 264/270 VUs, 15373 complete and 0 interrupted iterations
listeners   [   7% ] 20 VUs       0m29.3s/7m0s
senders     [   8% ] 244/250 VUs  0m29.3s/5m50.0s

running (0m49.8s), 270/270 VUs, 16351 complete and 0 interrupted iterations
listeners   [   7% ] 20 VUs       0m30.3s/7m0s
senders     [   9% ] 250/250 VUs  0m30.3s/5m50.0s

running (0m50.8s), 270/270 VUs, 17397 complete and 0 interrupted iterations
listeners   [   7% ] 20 VUs       0m31.3s/7m0s
senders     [   9% ] 250/250 VUs  0m31.3s/5m50.0s

running (0m51.8s), 270/270 VUs, 18570 complete and 0 interrupted iterations
listeners   [   8% ] 20 VUs       0m32.3s/7m0s
senders     [   9% ] 250/250 VUs  0m32.3s/5m50.0s

running (0m52.8s), 270/270 VUs, 19636 complete and 0 interrupted iterations
listeners   [   8% ] 20 VUs       0m33.3s/7m0s
senders     [  10% ] 250/250 VUs  0m33.3s/5m50.0s

running (0m53.8s), 270/270 VUs, 20793 complete and 0 interrupted iterations
listeners   [   8% ] 20 VUs       0m34.3s/7m0s
senders     [  10% ] 250/250 VUs  0m34.3s/5m50.0s

running (0m54.8s), 270/270 VUs, 21978 complete and 0 interrupted iterations
listeners   [   8% ] 20 VUs       0m35.3s/7m0s
senders     [  10% ] 250/250 VUs  0m35.3s/5m50.0s

running (0m55.8s), 270/270 VUs, 23075 complete and 0 interrupted iterations
listeners   [   9% ] 20 VUs       0m36.3s/7m0s
senders     [  10% ] 250/250 VUs  0m36.3s/5m50.0s

running (0m56.8s), 270/270 VUs, 23860 complete and 0 interrupted iterations
listeners   [   9% ] 20 VUs       0m37.3s/7m0s
senders     [  11% ] 250/250 VUs  0m37.3s/5m50.0s

running (0m57.8s), 270/270 VUs, 24682 complete and 0 interrupted iterations
listeners   [   9% ] 20 VUs       0m38.3s/7m0s
senders     [  11% ] 250/250 VUs  0m38.3s/5m50.0s

running (0m58.8s), 270/270 VUs, 25825 complete and 0 interrupted iterations
listeners   [   9% ] 20 VUs       0m39.3s/7m0s
senders     [  11% ] 250/250 VUs  0m39.3s/5m50.0s

running (0m59.8s), 270/270 VUs, 26978 complete and 0 interrupted iterations
listeners   [  10% ] 20 VUs       0m40.3s/7m0s
senders     [  12% ] 250/250 VUs  0m40.3s/5m50.0s

running (1m00.8s), 270/270 VUs, 27856 complete and 0 interrupted iterations
listeners   [  10% ] 20 VUs       0m41.3s/7m0s
senders     [  12% ] 250/250 VUs  0m41.3s/5m50.0s

running (1m01.8s), 270/270 VUs, 28327 complete and 0 interrupted iterations
listeners   [  10% ] 20 VUs       0m42.3s/7m0s
senders     [  12% ] 250/250 VUs  0m42.3s/5m50.0s

running (1m02.8s), 270/270 VUs, 29341 complete and 0 interrupted iterations
listeners   [  10% ] 20 VUs       0m43.3s/7m0s
senders     [  12% ] 250/250 VUs  0m43.3s/5m50.0s

running (1m03.8s), 270/270 VUs, 30535 complete and 0 interrupted iterations
listeners   [  11% ] 20 VUs       0m44.3s/7m0s
senders     [  13% ] 250/250 VUs  0m44.3s/5m50.0s

running (1m04.8s), 270/270 VUs, 31754 complete and 0 interrupted iterations
listeners   [  11% ] 20 VUs       0m45.3s/7m0s
senders     [  13% ] 250/250 VUs  0m45.3s/5m50.0s

running (1m05.8s), 270/270 VUs, 32924 complete and 0 interrupted iterations
listeners   [  11% ] 20 VUs       0m46.3s/7m0s
senders     [  13% ] 250/250 VUs  0m46.3s/5m50.0s

running (1m06.8s), 270/270 VUs, 34148 complete and 0 interrupted iterations
listeners   [  11% ] 20 VUs       0m47.3s/7m0s
senders     [  14% ] 250/250 VUs  0m47.3s/5m50.0s

running (1m07.8s), 270/270 VUs, 35394 complete and 0 interrupted iterations
listeners   [  11% ] 20 VUs       0m48.3s/7m0s
senders     [  14% ] 250/250 VUs  0m48.3s/5m50.0s

running (1m08.8s), 270/270 VUs, 36584 complete and 0 interrupted iterations
listeners   [  12% ] 20 VUs       0m49.3s/7m0s
senders     [  14% ] 250/250 VUs  0m49.3s/5m50.0s

running (1m09.8s), 270/270 VUs, 37775 complete and 0 interrupted iterations
listeners   [  12% ] 20 VUs       0m50.3s/7m0s
senders     [  14% ] 250/250 VUs  0m50.3s/5m50.0s

running (1m10.8s), 270/270 VUs, 39019 complete and 0 interrupted iterations
listeners   [  12% ] 20 VUs       0m51.3s/7m0s
senders     [  15% ] 250/250 VUs  0m51.3s/5m50.0s

running (1m11.8s), 270/270 VUs, 40102 complete and 0 interrupted iterations
listeners   [  12% ] 20 VUs       0m52.3s/7m0s
senders     [  15% ] 250/250 VUs  0m52.3s/5m50.0s

running (1m12.8s), 270/270 VUs, 41230 complete and 0 interrupted iterations
listeners   [  13% ] 20 VUs       0m53.3s/7m0s
senders     [  15% ] 250/250 VUs  0m53.3s/5m50.0s

running (1m13.8s), 270/270 VUs, 42455 complete and 0 interrupted iterations
listeners   [  13% ] 20 VUs       0m54.3s/7m0s
senders     [  16% ] 250/250 VUs  0m54.3s/5m50.0s

running (1m14.8s), 270/270 VUs, 43626 complete and 0 interrupted iterations
listeners   [  13% ] 20 VUs       0m55.3s/7m0s
senders     [  16% ] 250/250 VUs  0m55.3s/5m50.0s

running (1m15.8s), 270/270 VUs, 44126 complete and 0 interrupted iterations
listeners   [  13% ] 20 VUs       0m56.3s/7m0s
senders     [  16% ] 250/250 VUs  0m56.3s/5m50.0s

running (1m16.8s), 270/270 VUs, 44564 complete and 0 interrupted iterations
listeners   [  14% ] 20 VUs       0m57.3s/7m0s
senders     [  16% ] 250/250 VUs  0m57.3s/5m50.0s

running (1m17.8s), 270/270 VUs, 44997 complete and 0 interrupted iterations
listeners   [  14% ] 20 VUs       0m58.3s/7m0s
senders     [  17% ] 250/250 VUs  0m58.3s/5m50.0s

running (1m18.8s), 270/270 VUs, 45697 complete and 0 interrupted iterations
listeners   [  14% ] 20 VUs       0m59.3s/7m0s
senders     [  17% ] 250/250 VUs  0m59.3s/5m50.0s

running (1m19.8s), 270/270 VUs, 46145 complete and 0 interrupted iterations
listeners   [  14% ] 20 VUs       1m00.3s/7m0s
senders     [  17% ] 250/250 VUs  1m00.3s/5m50.0s

running (1m20.8s), 270/270 VUs, 46632 complete and 0 interrupted iterations
listeners   [  15% ] 20 VUs       1m01.3s/7m0s
senders     [  18% ] 250/250 VUs  1m01.3s/5m50.0s

running (1m21.8s), 270/270 VUs, 47237 complete and 0 interrupted iterations
listeners   [  15% ] 20 VUs       1m02.3s/7m0s
senders     [  18% ] 250/250 VUs  1m02.3s/5m50.0s

running (1m22.8s), 270/270 VUs, 47897 complete and 0 interrupted iterations
listeners   [  15% ] 20 VUs       1m03.3s/7m0s
senders     [  18% ] 250/250 VUs  1m03.3s/5m50.0s

running (1m23.8s), 270/270 VUs, 48768 complete and 0 interrupted iterations
listeners   [  15% ] 20 VUs       1m04.3s/7m0s
senders     [  18% ] 250/250 VUs  1m04.3s/5m50.0s

running (1m24.8s), 270/270 VUs, 49829 complete and 0 interrupted iterations
listeners   [  16% ] 20 VUs       1m05.3s/7m0s
senders     [  19% ] 250/250 VUs  1m05.3s/5m50.0s

running (1m25.8s), 270/270 VUs, 51002 complete and 0 interrupted iterations
listeners   [  16% ] 20 VUs       1m06.3s/7m0s
senders     [  19% ] 250/250 VUs  1m06.3s/5m50.0s

running (1m26.8s), 270/270 VUs, 52100 complete and 0 interrupted iterations
listeners   [  16% ] 20 VUs       1m07.3s/7m0s
senders     [  19% ] 250/250 VUs  1m07.3s/5m50.0s

running (1m27.8s), 270/270 VUs, 53306 complete and 0 interrupted iterations
listeners   [  16% ] 20 VUs       1m08.3s/7m0s
senders     [  20% ] 250/250 VUs  1m08.3s/5m50.0s

running (1m28.8s), 270/270 VUs, 54494 complete and 0 interrupted iterations
listeners   [  16% ] 20 VUs       1m09.3s/7m0s
senders     [  20% ] 250/250 VUs  1m09.3s/5m50.0s

running (1m29.8s), 270/270 VUs, 55624 complete and 0 interrupted iterations
listeners   [  17% ] 20 VUs       1m10.3s/7m0s
senders     [  20% ] 250/250 VUs  1m10.3s/5m50.0s

running (1m30.8s), 270/270 VUs, 56819 complete and 0 interrupted iterations
listeners   [  17% ] 20 VUs       1m11.3s/7m0s
senders     [  20% ] 250/250 VUs  1m11.3s/5m50.0s

running (1m31.8s), 270/270 VUs, 58024 complete and 0 interrupted iterations
listeners   [  17% ] 20 VUs       1m12.3s/7m0s
senders     [  21% ] 250/250 VUs  1m12.3s/5m50.0s

running (1m32.8s), 270/270 VUs, 59213 complete and 0 interrupted iterations
listeners   [  17% ] 20 VUs       1m13.3s/7m0s
senders     [  21% ] 250/250 VUs  1m13.3s/5m50.0s

running (1m33.8s), 270/270 VUs, 60444 complete and 0 interrupted iterations
listeners   [  18% ] 20 VUs       1m14.3s/7m0s
senders     [  21% ] 250/250 VUs  1m14.3s/5m50.0s

running (1m34.8s), 270/270 VUs, 61667 complete and 0 interrupted iterations
listeners   [  18% ] 20 VUs       1m15.3s/7m0s
senders     [  22% ] 250/250 VUs  1m15.3s/5m50.0s

running (1m35.8s), 270/270 VUs, 62876 complete and 0 interrupted iterations
listeners   [  18% ] 20 VUs       1m16.3s/7m0s
senders     [  22% ] 250/250 VUs  1m16.3s/5m50.0s

running (1m36.8s), 270/270 VUs, 64046 complete and 0 interrupted iterations
listeners   [  18% ] 20 VUs       1m17.3s/7m0s
senders     [  22% ] 250/250 VUs  1m17.3s/5m50.0s

running (1m37.8s), 270/270 VUs, 65089 complete and 0 interrupted iterations
listeners   [  19% ] 20 VUs       1m18.3s/7m0s
senders     [  22% ] 250/250 VUs  1m18.3s/5m50.0s

running (1m38.8s), 270/270 VUs, 66303 complete and 0 interrupted iterations
listeners   [  19% ] 20 VUs       1m19.3s/7m0s
senders     [  23% ] 250/250 VUs  1m19.3s/5m50.0s

running (1m39.8s), 270/270 VUs, 67513 complete and 0 interrupted iterations
listeners   [  19% ] 20 VUs       1m20.3s/7m0s
senders     [  23% ] 250/250 VUs  1m20.3s/5m50.0s

running (1m40.8s), 270/270 VUs, 68724 complete and 0 interrupted iterations
listeners   [  19% ] 20 VUs       1m21.3s/7m0s
senders     [  23% ] 250/250 VUs  1m21.3s/5m50.0s

running (1m41.8s), 270/270 VUs, 69815 complete and 0 interrupted iterations
listeners   [  20% ] 20 VUs       1m22.3s/7m0s
senders     [  24% ] 250/250 VUs  1m22.3s/5m50.0s

running (1m42.8s), 270/270 VUs, 70938 complete and 0 interrupted iterations
listeners   [  20% ] 20 VUs       1m23.3s/7m0s
senders     [  24% ] 250/250 VUs  1m23.3s/5m50.0s

running (1m43.8s), 270/270 VUs, 72012 complete and 0 interrupted iterations
listeners   [  20% ] 20 VUs       1m24.3s/7m0s
senders     [  24% ] 250/250 VUs  1m24.3s/5m50.0s

running (1m44.8s), 270/270 VUs, 73234 complete and 0 interrupted iterations
listeners   [  20% ] 20 VUs       1m25.3s/7m0s
senders     [  24% ] 250/250 VUs  1m25.3s/5m50.0s

running (1m45.8s), 270/270 VUs, 74433 complete and 0 interrupted iterations
listeners   [  21% ] 20 VUs       1m26.3s/7m0s
senders     [  25% ] 250/250 VUs  1m26.3s/5m50.0s

running (1m46.8s), 270/270 VUs, 75646 complete and 0 interrupted iterations
listeners   [  21% ] 20 VUs       1m27.3s/7m0s
senders     [  25% ] 250/250 VUs  1m27.3s/5m50.0s

running (1m47.8s), 270/270 VUs, 76848 complete and 0 interrupted iterations
listeners   [  21% ] 20 VUs       1m28.3s/7m0s
senders     [  25% ] 250/250 VUs  1m28.3s/5m50.0s

running (1m48.8s), 270/270 VUs, 78057 complete and 0 interrupted iterations
listeners   [  21% ] 20 VUs       1m29.3s/7m0s
senders     [  26% ] 250/250 VUs  1m29.3s/5m50.0s

running (1m49.8s), 270/270 VUs, 79257 complete and 0 interrupted iterations
listeners   [  21% ] 20 VUs       1m30.3s/7m0s
senders     [  26% ] 250/250 VUs  1m30.3s/5m50.0s

running (1m50.8s), 270/270 VUs, 80436 complete and 0 interrupted iterations
listeners   [  22% ] 20 VUs       1m31.3s/7m0s
senders     [  26% ] 250/250 VUs  1m31.3s/5m50.0s

running (1m51.8s), 270/270 VUs, 81629 complete and 0 interrupted iterations
listeners   [  22% ] 20 VUs       1m32.3s/7m0s
senders     [  26% ] 250/250 VUs  1m32.3s/5m50.0s

running (1m52.8s), 270/270 VUs, 82826 complete and 0 interrupted iterations
listeners   [  22% ] 20 VUs       1m33.3s/7m0s
senders     [  27% ] 250/250 VUs  1m33.3s/5m50.0s

running (1m53.8s), 270/270 VUs, 84050 complete and 0 interrupted iterations
listeners   [  22% ] 20 VUs       1m34.3s/7m0s
senders     [  27% ] 250/250 VUs  1m34.3s/5m50.0s

running (1m54.8s), 270/270 VUs, 85211 complete and 0 interrupted iterations
listeners   [  23% ] 20 VUs       1m35.3s/7m0s
senders     [  27% ] 250/250 VUs  1m35.3s/5m50.0s

running (1m55.8s), 270/270 VUs, 86353 complete and 0 interrupted iterations
listeners   [  23% ] 20 VUs       1m36.3s/7m0s
senders     [  28% ] 250/250 VUs  1m36.3s/5m50.0s

running (1m56.8s), 270/270 VUs, 87566 complete and 0 interrupted iterations
listeners   [  23% ] 20 VUs       1m37.3s/7m0s
senders     [  28% ] 250/250 VUs  1m37.3s/5m50.0s

running (1m57.8s), 270/270 VUs, 88769 complete and 0 interrupted iterations
listeners   [  23% ] 20 VUs       1m38.3s/7m0s
senders     [  28% ] 250/250 VUs  1m38.3s/5m50.0s

running (1m58.8s), 270/270 VUs, 89970 complete and 0 interrupted iterations
listeners   [  24% ] 20 VUs       1m39.3s/7m0s
senders     [  28% ] 250/250 VUs  1m39.3s/5m50.0s

running (1m59.8s), 270/270 VUs, 91164 complete and 0 interrupted iterations
listeners   [  24% ] 20 VUs       1m40.3s/7m0s
senders     [  29% ] 250/250 VUs  1m40.3s/5m50.0s

running (2m00.8s), 270/270 VUs, 92325 complete and 0 interrupted iterations
listeners   [  24% ] 20 VUs       1m41.3s/7m0s
senders     [  29% ] 250/250 VUs  1m41.3s/5m50.0s

running (2m01.8s), 270/270 VUs, 93529 complete and 0 interrupted iterations
listeners   [  24% ] 20 VUs       1m42.3s/7m0s
senders     [  29% ] 250/250 VUs  1m42.3s/5m50.0s

running (2m02.8s), 270/270 VUs, 94654 complete and 0 interrupted iterations
listeners   [  25% ] 20 VUs       1m43.3s/7m0s
senders     [  30% ] 250/250 VUs  1m43.3s/5m50.0s

running (2m03.8s), 270/270 VUs, 95746 complete and 0 interrupted iterations
listeners   [  25% ] 20 VUs       1m44.3s/7m0s
senders     [  30% ] 250/250 VUs  1m44.3s/5m50.0s

running (2m04.8s), 270/270 VUs, 96947 complete and 0 interrupted iterations
listeners   [  25% ] 20 VUs       1m45.3s/7m0s
senders     [  30% ] 250/250 VUs  1m45.3s/5m50.0s

running (2m05.8s), 270/270 VUs, 98086 complete and 0 interrupted iterations
listeners   [  25% ] 20 VUs       1m46.3s/7m0s
senders     [  30% ] 250/250 VUs  1m46.3s/5m50.0s

running (2m06.8s), 270/270 VUs, 99225 complete and 0 interrupted iterations
listeners   [  26% ] 20 VUs       1m47.3s/7m0s
senders     [  31% ] 250/250 VUs  1m47.3s/5m50.0s

running (2m07.8s), 270/270 VUs, 100422 complete and 0 interrupted iterations
listeners   [  26% ] 20 VUs       1m48.3s/7m0s
senders     [  31% ] 250/250 VUs  1m48.3s/5m50.0s

running (2m08.8s), 270/270 VUs, 101606 complete and 0 interrupted iterations
listeners   [  26% ] 20 VUs       1m49.3s/7m0s
senders     [  31% ] 250/250 VUs  1m49.3s/5m50.0s

running (2m09.8s), 270/270 VUs, 102771 complete and 0 interrupted iterations
listeners   [  26% ] 20 VUs       1m50.3s/7m0s
senders     [  32% ] 250/250 VUs  1m50.3s/5m50.0s

running (2m10.8s), 270/270 VUs, 103867 complete and 0 interrupted iterations
listeners   [  26% ] 20 VUs       1m51.3s/7m0s
senders     [  32% ] 250/250 VUs  1m51.3s/5m50.0s

running (2m11.8s), 270/270 VUs, 105021 complete and 0 interrupted iterations
listeners   [  27% ] 20 VUs       1m52.3s/7m0s
senders     [  32% ] 250/250 VUs  1m52.3s/5m50.0s

running (2m12.8s), 270/270 VUs, 106183 complete and 0 interrupted iterations
listeners   [  27% ] 20 VUs       1m53.3s/7m0s
senders     [  32% ] 250/250 VUs  1m53.3s/5m50.0s

running (2m13.8s), 270/270 VUs, 107382 complete and 0 interrupted iterations
listeners   [  27% ] 20 VUs       1m54.3s/7m0s
senders     [  33% ] 250/250 VUs  1m54.3s/5m50.0s

running (2m14.8s), 270/270 VUs, 108568 complete and 0 interrupted iterations
listeners   [  27% ] 20 VUs       1m55.3s/7m0s
senders     [  33% ] 250/250 VUs  1m55.3s/5m50.0s

running (2m15.8s), 270/270 VUs, 109756 complete and 0 interrupted iterations
listeners   [  28% ] 20 VUs       1m56.3s/7m0s
senders     [  33% ] 250/250 VUs  1m56.3s/5m50.0s

running (2m16.8s), 270/270 VUs, 110955 complete and 0 interrupted iterations
listeners   [  28% ] 20 VUs       1m57.3s/7m0s
senders     [  34% ] 250/250 VUs  1m57.3s/5m50.0s

running (2m17.8s), 270/270 VUs, 112093 complete and 0 interrupted iterations
listeners   [  28% ] 20 VUs       1m58.3s/7m0s
senders     [  34% ] 250/250 VUs  1m58.3s/5m50.0s

running (2m18.8s), 270/270 VUs, 113226 complete and 0 interrupted iterations
listeners   [  28% ] 20 VUs       1m59.3s/7m0s
senders     [  34% ] 250/250 VUs  1m59.3s/5m50.0s

running (2m19.8s), 270/270 VUs, 114404 complete and 0 interrupted iterations
listeners   [  29% ] 20 VUs       2m00.3s/7m0s
senders     [  34% ] 250/250 VUs  2m00.3s/5m50.0s

running (2m20.8s), 270/270 VUs, 115590 complete and 0 interrupted iterations
listeners   [  29% ] 20 VUs       2m01.3s/7m0s
senders     [  35% ] 250/250 VUs  2m01.3s/5m50.0s

running (2m21.8s), 270/270 VUs, 116779 complete and 0 interrupted iterations
listeners   [  29% ] 20 VUs       2m02.3s/7m0s
senders     [  35% ] 250/250 VUs  2m02.3s/5m50.0s

running (2m22.8s), 270/270 VUs, 117962 complete and 0 interrupted iterations
listeners   [  29% ] 20 VUs       2m03.3s/7m0s
senders     [  35% ] 250/250 VUs  2m03.3s/5m50.0s

running (2m23.8s), 270/270 VUs, 119138 complete and 0 interrupted iterations
listeners   [  30% ] 20 VUs       2m04.3s/7m0s
senders     [  36% ] 250/250 VUs  2m04.3s/5m50.0s

running (2m24.8s), 270/270 VUs, 120340 complete and 0 interrupted iterations
listeners   [  30% ] 20 VUs       2m05.3s/7m0s
senders     [  36% ] 250/250 VUs  2m05.3s/5m50.0s

running (2m25.8s), 270/270 VUs, 121522 complete and 0 interrupted iterations
listeners   [  30% ] 20 VUs       2m06.3s/7m0s
senders     [  36% ] 250/250 VUs  2m06.3s/5m50.0s

running (2m26.8s), 270/270 VUs, 122719 complete and 0 interrupted iterations
listeners   [  30% ] 20 VUs       2m07.3s/7m0s
senders     [  36% ] 250/250 VUs  2m07.3s/5m50.0s

running (2m27.8s), 270/270 VUs, 123898 complete and 0 interrupted iterations
listeners   [  31% ] 20 VUs       2m08.3s/7m0s
senders     [  37% ] 250/250 VUs  2m08.3s/5m50.0s

running (2m28.8s), 270/270 VUs, 125087 complete and 0 interrupted iterations
listeners   [  31% ] 20 VUs       2m09.3s/7m0s
senders     [  37% ] 250/250 VUs  2m09.3s/5m50.0s

running (2m29.8s), 270/270 VUs, 126270 complete and 0 interrupted iterations
listeners   [  31% ] 20 VUs       2m10.3s/7m0s
senders     [  37% ] 250/250 VUs  2m10.3s/5m50.0s

running (2m30.8s), 270/270 VUs, 127441 complete and 0 interrupted iterations
listeners   [  31% ] 20 VUs       2m11.3s/7m0s
senders     [  38% ] 250/250 VUs  2m11.3s/5m50.0s

running (2m31.8s), 270/270 VUs, 128617 complete and 0 interrupted iterations
listeners   [  31% ] 20 VUs       2m12.3s/7m0s
senders     [  38% ] 250/250 VUs  2m12.3s/5m50.0s

running (2m32.8s), 270/270 VUs, 129815 complete and 0 interrupted iterations
listeners   [  32% ] 20 VUs       2m13.3s/7m0s
senders     [  38% ] 250/250 VUs  2m13.3s/5m50.0s

running (2m33.8s), 270/270 VUs, 131008 complete and 0 interrupted iterations
listeners   [  32% ] 20 VUs       2m14.3s/7m0s
senders     [  38% ] 250/250 VUs  2m14.3s/5m50.0s

running (2m34.8s), 270/270 VUs, 132141 complete and 0 interrupted iterations
listeners   [  32% ] 20 VUs       2m15.3s/7m0s
senders     [  39% ] 250/250 VUs  2m15.3s/5m50.0s

running (2m35.8s), 270/270 VUs, 133337 complete and 0 interrupted iterations
listeners   [  32% ] 20 VUs       2m16.3s/7m0s
senders     [  39% ] 250/250 VUs  2m16.3s/5m50.0s

running (2m36.8s), 270/270 VUs, 134523 complete and 0 interrupted iterations
listeners   [  33% ] 20 VUs       2m17.3s/7m0s
senders     [  39% ] 250/250 VUs  2m17.3s/5m50.0s

running (2m37.8s), 270/270 VUs, 135708 complete and 0 interrupted iterations
listeners   [  33% ] 20 VUs       2m18.3s/7m0s
senders     [  40% ] 250/250 VUs  2m18.3s/5m50.0s

running (2m38.8s), 270/270 VUs, 136885 complete and 0 interrupted iterations
listeners   [  33% ] 20 VUs       2m19.3s/7m0s
senders     [  40% ] 250/250 VUs  2m19.3s/5m50.0s

running (2m39.8s), 270/270 VUs, 138088 complete and 0 interrupted iterations
listeners   [  33% ] 20 VUs       2m20.3s/7m0s
senders     [  40% ] 250/250 VUs  2m20.3s/5m50.0s

running (2m40.8s), 270/270 VUs, 139282 complete and 0 interrupted iterations
listeners   [  34% ] 20 VUs       2m21.3s/7m0s
senders     [  40% ] 250/250 VUs  2m21.3s/5m50.0s

running (2m41.8s), 270/270 VUs, 140471 complete and 0 interrupted iterations
listeners   [  34% ] 20 VUs       2m22.3s/7m0s
senders     [  41% ] 250/250 VUs  2m22.3s/5m50.0s

running (2m42.8s), 270/270 VUs, 141543 complete and 0 interrupted iterations
listeners   [  34% ] 20 VUs       2m23.3s/7m0s
senders     [  41% ] 250/250 VUs  2m23.3s/5m50.0s

running (2m43.8s), 270/270 VUs, 142746 complete and 0 interrupted iterations
listeners   [  34% ] 20 VUs       2m24.3s/7m0s
senders     [  41% ] 250/250 VUs  2m24.3s/5m50.0s

running (2m44.8s), 270/270 VUs, 143946 complete and 0 interrupted iterations
listeners   [  35% ] 20 VUs       2m25.3s/7m0s
senders     [  42% ] 250/250 VUs  2m25.3s/5m50.0s

running (2m45.8s), 270/270 VUs, 145042 complete and 0 interrupted iterations
listeners   [  35% ] 20 VUs       2m26.3s/7m0s
senders     [  42% ] 250/250 VUs  2m26.3s/5m50.0s

running (2m46.8s), 270/270 VUs, 146250 complete and 0 interrupted iterations
listeners   [  35% ] 20 VUs       2m27.3s/7m0s
senders     [  42% ] 250/250 VUs  2m27.3s/5m50.0s

running (2m47.8s), 270/270 VUs, 147435 complete and 0 interrupted iterations
listeners   [  35% ] 20 VUs       2m28.3s/7m0s
senders     [  42% ] 250/250 VUs  2m28.3s/5m50.0s

running (2m48.8s), 270/270 VUs, 148602 complete and 0 interrupted iterations
listeners   [  36% ] 20 VUs       2m29.3s/7m0s
senders     [  43% ] 250/250 VUs  2m29.3s/5m50.0s

running (2m49.8s), 270/270 VUs, 149769 complete and 0 interrupted iterations
listeners   [  36% ] 20 VUs       2m30.3s/7m0s
senders     [  43% ] 250/250 VUs  2m30.3s/5m50.0s

running (2m50.8s), 270/270 VUs, 150860 complete and 0 interrupted iterations
listeners   [  36% ] 20 VUs       2m31.3s/7m0s
senders     [  43% ] 250/250 VUs  2m31.3s/5m50.0s

running (2m51.8s), 270/270 VUs, 152047 complete and 0 interrupted iterations
listeners   [  36% ] 20 VUs       2m32.3s/7m0s
senders     [  44% ] 250/250 VUs  2m32.3s/5m50.0s

running (2m52.8s), 270/270 VUs, 153242 complete and 0 interrupted iterations
listeners   [  36% ] 20 VUs       2m33.3s/7m0s
senders     [  44% ] 250/250 VUs  2m33.3s/5m50.0s

running (2m53.8s), 270/270 VUs, 154448 complete and 0 interrupted iterations
listeners   [  37% ] 20 VUs       2m34.3s/7m0s
senders     [  44% ] 250/250 VUs  2m34.3s/5m50.0s

running (2m54.8s), 270/270 VUs, 155620 complete and 0 interrupted iterations
listeners   [  37% ] 20 VUs       2m35.3s/7m0s
senders     [  44% ] 250/250 VUs  2m35.3s/5m50.0s

running (2m55.8s), 270/270 VUs, 156796 complete and 0 interrupted iterations
listeners   [  37% ] 20 VUs       2m36.3s/7m0s
senders     [  45% ] 250/250 VUs  2m36.3s/5m50.0s

running (2m56.8s), 270/270 VUs, 157981 complete and 0 interrupted iterations
listeners   [  37% ] 20 VUs       2m37.3s/7m0s
senders     [  45% ] 250/250 VUs  2m37.3s/5m50.0s

running (2m57.8s), 270/270 VUs, 159163 complete and 0 interrupted iterations
listeners   [  38% ] 20 VUs       2m38.3s/7m0s
senders     [  45% ] 250/250 VUs  2m38.3s/5m50.0s

running (2m58.8s), 270/270 VUs, 160365 complete and 0 interrupted iterations
listeners   [  38% ] 20 VUs       2m39.3s/7m0s
senders     [  46% ] 250/250 VUs  2m39.3s/5m50.0s

running (2m59.8s), 270/270 VUs, 161540 complete and 0 interrupted iterations
listeners   [  38% ] 20 VUs       2m40.3s/7m0s
senders     [  46% ] 250/250 VUs  2m40.3s/5m50.0s

running (3m00.8s), 270/270 VUs, 162714 complete and 0 interrupted iterations
listeners   [  38% ] 20 VUs       2m41.3s/7m0s
senders     [  46% ] 250/250 VUs  2m41.3s/5m50.0s

running (3m01.8s), 270/270 VUs, 163876 complete and 0 interrupted iterations
listeners   [  39% ] 20 VUs       2m42.3s/7m0s
senders     [  46% ] 250/250 VUs  2m42.3s/5m50.0s

running (3m02.8s), 270/270 VUs, 165078 complete and 0 interrupted iterations
listeners   [  39% ] 20 VUs       2m43.3s/7m0s
senders     [  47% ] 250/250 VUs  2m43.3s/5m50.0s

running (3m03.8s), 270/270 VUs, 166286 complete and 0 interrupted iterations
listeners   [  39% ] 20 VUs       2m44.3s/7m0s
senders     [  47% ] 250/250 VUs  2m44.3s/5m50.0s

running (3m04.8s), 270/270 VUs, 167478 complete and 0 interrupted iterations
listeners   [  39% ] 20 VUs       2m45.3s/7m0s
senders     [  47% ] 250/250 VUs  2m45.3s/5m50.0s

running (3m05.8s), 270/270 VUs, 168690 complete and 0 interrupted iterations
listeners   [  40% ] 20 VUs       2m46.3s/7m0s
senders     [  48% ] 250/250 VUs  2m46.3s/5m50.0s

running (3m06.8s), 270/270 VUs, 169899 complete and 0 interrupted iterations
listeners   [  40% ] 20 VUs       2m47.3s/7m0s
senders     [  48% ] 250/250 VUs  2m47.3s/5m50.0s

running (3m07.8s), 270/270 VUs, 170986 complete and 0 interrupted iterations
listeners   [  40% ] 20 VUs       2m48.3s/7m0s
senders     [  48% ] 250/250 VUs  2m48.3s/5m50.0s

running (3m08.8s), 270/270 VUs, 172156 complete and 0 interrupted iterations
listeners   [  40% ] 20 VUs       2m49.3s/7m0s
senders     [  48% ] 250/250 VUs  2m49.3s/5m50.0s

running (3m09.8s), 270/270 VUs, 173348 complete and 0 interrupted iterations
listeners   [  41% ] 20 VUs       2m50.3s/7m0s
senders     [  49% ] 250/250 VUs  2m50.3s/5m50.0s

running (3m10.8s), 270/270 VUs, 174548 complete and 0 interrupted iterations
listeners   [  41% ] 20 VUs       2m51.3s/7m0s
senders     [  49% ] 250/250 VUs  2m51.3s/5m50.0s

running (3m11.8s), 270/270 VUs, 175732 complete and 0 interrupted iterations
listeners   [  41% ] 20 VUs       2m52.3s/7m0s
senders     [  49% ] 250/250 VUs  2m52.3s/5m50.0s

running (3m12.8s), 270/270 VUs, 176901 complete and 0 interrupted iterations
listeners   [  41% ] 20 VUs       2m53.3s/7m0s
senders     [  50% ] 250/250 VUs  2m53.3s/5m50.0s

running (3m13.8s), 270/270 VUs, 178049 complete and 0 interrupted iterations
listeners   [  41% ] 20 VUs       2m54.3s/7m0s
senders     [  50% ] 250/250 VUs  2m54.3s/5m50.0s

running (3m14.8s), 270/270 VUs, 179245 complete and 0 interrupted iterations
listeners   [  42% ] 20 VUs       2m55.3s/7m0s
senders     [  50% ] 250/250 VUs  2m55.3s/5m50.0s

running (3m15.8s), 270/270 VUs, 180302 complete and 0 interrupted iterations
listeners   [  42% ] 20 VUs       2m56.3s/7m0s
senders     [  50% ] 250/250 VUs  2m56.3s/5m50.0s

running (3m16.8s), 270/270 VUs, 181512 complete and 0 interrupted iterations
listeners   [  42% ] 20 VUs       2m57.3s/7m0s
senders     [  51% ] 250/250 VUs  2m57.3s/5m50.0s

running (3m17.8s), 270/270 VUs, 182706 complete and 0 interrupted iterations
listeners   [  42% ] 20 VUs       2m58.3s/7m0s
senders     [  51% ] 250/250 VUs  2m58.3s/5m50.0s

running (3m18.8s), 270/270 VUs, 183868 complete and 0 interrupted iterations
listeners   [  43% ] 20 VUs       2m59.3s/7m0s
senders     [  51% ] 250/250 VUs  2m59.3s/5m50.0s

running (3m19.8s), 270/270 VUs, 185053 complete and 0 interrupted iterations
listeners   [  43% ] 20 VUs       3m00.3s/7m0s
senders     [  52% ] 250/250 VUs  3m00.3s/5m50.0s

running (3m20.8s), 270/270 VUs, 186241 complete and 0 interrupted iterations
listeners   [  43% ] 20 VUs       3m01.3s/7m0s
senders     [  52% ] 250/250 VUs  3m01.3s/5m50.0s

running (3m21.8s), 270/270 VUs, 187438 complete and 0 interrupted iterations
listeners   [  43% ] 20 VUs       3m02.3s/7m0s
senders     [  52% ] 250/250 VUs  3m02.3s/5m50.0s

running (3m22.8s), 270/270 VUs, 188636 complete and 0 interrupted iterations
listeners   [  44% ] 20 VUs       3m03.3s/7m0s
senders     [  52% ] 250/250 VUs  3m03.3s/5m50.0s

running (3m23.8s), 270/270 VUs, 189823 complete and 0 interrupted iterations
listeners   [  44% ] 20 VUs       3m04.3s/7m0s
senders     [  53% ] 250/250 VUs  3m04.3s/5m50.0s

running (3m24.8s), 270/270 VUs, 190995 complete and 0 interrupted iterations
listeners   [  44% ] 20 VUs       3m05.3s/7m0s
senders     [  53% ] 250/250 VUs  3m05.3s/5m50.0s

running (3m25.8s), 270/270 VUs, 192183 complete and 0 interrupted iterations
listeners   [  44% ] 20 VUs       3m06.3s/7m0s
senders     [  53% ] 250/250 VUs  3m06.3s/5m50.0s

running (3m26.8s), 270/270 VUs, 193340 complete and 0 interrupted iterations
listeners   [  45% ] 20 VUs       3m07.3s/7m0s
senders     [  54% ] 250/250 VUs  3m07.3s/5m50.0s

running (3m27.8s), 270/270 VUs, 194517 complete and 0 interrupted iterations
listeners   [  45% ] 20 VUs       3m08.3s/7m0s
senders     [  54% ] 250/250 VUs  3m08.3s/5m50.0s

running (3m28.8s), 270/270 VUs, 195691 complete and 0 interrupted iterations
listeners   [  45% ] 20 VUs       3m09.3s/7m0s
senders     [  54% ] 250/250 VUs  3m09.3s/5m50.0s

running (3m29.8s), 270/270 VUs, 196847 complete and 0 interrupted iterations
listeners   [  45% ] 20 VUs       3m10.3s/7m0s
senders     [  54% ] 250/250 VUs  3m10.3s/5m50.0s

running (3m30.8s), 270/270 VUs, 197992 complete and 0 interrupted iterations
listeners   [  46% ] 20 VUs       3m11.3s/7m0s
senders     [  55% ] 250/250 VUs  3m11.3s/5m50.0s

running (3m31.8s), 270/270 VUs, 199195 complete and 0 interrupted iterations
listeners   [  46% ] 20 VUs       3m12.3s/7m0s
senders     [  55% ] 250/250 VUs  3m12.3s/5m50.0s

running (3m32.8s), 270/270 VUs, 200353 complete and 0 interrupted iterations
listeners   [  46% ] 20 VUs       3m13.3s/7m0s
senders     [  55% ] 250/250 VUs  3m13.3s/5m50.0s

running (3m33.8s), 270/270 VUs, 201468 complete and 0 interrupted iterations
listeners   [  46% ] 20 VUs       3m14.3s/7m0s
senders     [  56% ] 250/250 VUs  3m14.3s/5m50.0s

running (3m34.8s), 270/270 VUs, 202671 complete and 0 interrupted iterations
listeners   [  46% ] 20 VUs       3m15.3s/7m0s
senders     [  56% ] 250/250 VUs  3m15.3s/5m50.0s

running (3m35.8s), 270/270 VUs, 203841 complete and 0 interrupted iterations
listeners   [  47% ] 20 VUs       3m16.3s/7m0s
senders     [  56% ] 250/250 VUs  3m16.3s/5m50.0s

running (3m36.8s), 270/270 VUs, 205028 complete and 0 interrupted iterations
listeners   [  47% ] 20 VUs       3m17.3s/7m0s
senders     [  56% ] 250/250 VUs  3m17.3s/5m50.0s

running (3m37.8s), 270/270 VUs, 206181 complete and 0 interrupted iterations
listeners   [  47% ] 20 VUs       3m18.3s/7m0s
senders     [  57% ] 250/250 VUs  3m18.3s/5m50.0s

running (3m38.8s), 270/270 VUs, 207361 complete and 0 interrupted iterations
listeners   [  47% ] 20 VUs       3m19.3s/7m0s
senders     [  57% ] 250/250 VUs  3m19.3s/5m50.0s

running (3m39.8s), 270/270 VUs, 208536 complete and 0 interrupted iterations
listeners   [  48% ] 20 VUs       3m20.3s/7m0s
senders     [  57% ] 250/250 VUs  3m20.3s/5m50.0s

running (3m40.8s), 270/270 VUs, 209724 complete and 0 interrupted iterations
listeners   [  48% ] 20 VUs       3m21.3s/7m0s
senders     [  58% ] 250/250 VUs  3m21.3s/5m50.0s

running (3m41.8s), 270/270 VUs, 210823 complete and 0 interrupted iterations
listeners   [  48% ] 20 VUs       3m22.3s/7m0s
senders     [  58% ] 250/250 VUs  3m22.3s/5m50.0s

running (3m42.8s), 270/270 VUs, 212010 complete and 0 interrupted iterations
listeners   [  48% ] 20 VUs       3m23.3s/7m0s
senders     [  58% ] 250/250 VUs  3m23.3s/5m50.0s

running (3m43.8s), 270/270 VUs, 213245 complete and 0 interrupted iterations
listeners   [  49% ] 20 VUs       3m24.3s/7m0s
senders     [  58% ] 250/250 VUs  3m24.3s/5m50.0s

running (3m44.8s), 270/270 VUs, 214446 complete and 0 interrupted iterations
listeners   [  49% ] 20 VUs       3m25.3s/7m0s
senders     [  59% ] 250/250 VUs  3m25.3s/5m50.0s

running (3m45.8s), 270/270 VUs, 215648 complete and 0 interrupted iterations
listeners   [  49% ] 20 VUs       3m26.3s/7m0s
senders     [  59% ] 250/250 VUs  3m26.3s/5m50.0s

running (3m46.8s), 270/270 VUs, 216805 complete and 0 interrupted iterations
listeners   [  49% ] 20 VUs       3m27.3s/7m0s
senders     [  59% ] 250/250 VUs  3m27.3s/5m50.0s

running (3m47.8s), 270/270 VUs, 217986 complete and 0 interrupted iterations
listeners   [  50% ] 20 VUs       3m28.3s/7m0s
senders     [  60% ] 250/250 VUs  3m28.3s/5m50.0s

running (3m48.8s), 270/270 VUs, 219138 complete and 0 interrupted iterations
listeners   [  50% ] 20 VUs       3m29.3s/7m0s
senders     [  60% ] 250/250 VUs  3m29.3s/5m50.0s

running (3m49.8s), 270/270 VUs, 220320 complete and 0 interrupted iterations
listeners   [  50% ] 20 VUs       3m30.3s/7m0s
senders     [  60% ] 250/250 VUs  3m30.3s/5m50.0s

running (3m50.8s), 270/270 VUs, 221455 complete and 0 interrupted iterations
listeners   [  50% ] 20 VUs       3m31.3s/7m0s
senders     [  60% ] 250/250 VUs  3m31.3s/5m50.0s

running (3m51.8s), 270/270 VUs, 222629 complete and 0 interrupted iterations
listeners   [  51% ] 20 VUs       3m32.3s/7m0s
senders     [  61% ] 250/250 VUs  3m32.3s/5m50.0s

running (3m52.8s), 270/270 VUs, 223738 complete and 0 interrupted iterations
listeners   [  51% ] 20 VUs       3m33.3s/7m0s
senders     [  61% ] 250/250 VUs  3m33.3s/5m50.0s

running (3m53.8s), 270/270 VUs, 224913 complete and 0 interrupted iterations
listeners   [  51% ] 20 VUs       3m34.3s/7m0s
senders     [  61% ] 250/250 VUs  3m34.3s/5m50.0s

running (3m54.8s), 270/270 VUs, 226085 complete and 0 interrupted iterations
listeners   [  51% ] 20 VUs       3m35.3s/7m0s
senders     [  62% ] 250/250 VUs  3m35.3s/5m50.0s

running (3m55.8s), 270/270 VUs, 227214 complete and 0 interrupted iterations
listeners   [  51% ] 20 VUs       3m36.3s/7m0s
senders     [  62% ] 250/250 VUs  3m36.3s/5m50.0s

running (3m56.8s), 270/270 VUs, 228354 complete and 0 interrupted iterations
listeners   [  52% ] 20 VUs       3m37.3s/7m0s
senders     [  62% ] 250/250 VUs  3m37.3s/5m50.0s

running (3m57.8s), 270/270 VUs, 229506 complete and 0 interrupted iterations
listeners   [  52% ] 20 VUs       3m38.3s/7m0s
senders     [  62% ] 250/250 VUs  3m38.3s/5m50.0s

running (3m58.8s), 270/270 VUs, 230589 complete and 0 interrupted iterations
listeners   [  52% ] 20 VUs       3m39.3s/7m0s
senders     [  63% ] 250/250 VUs  3m39.3s/5m50.0s

running (3m59.8s), 270/270 VUs, 231767 complete and 0 interrupted iterations
listeners   [  52% ] 20 VUs       3m40.3s/7m0s
senders     [  63% ] 250/250 VUs  3m40.3s/5m50.0s

running (4m00.8s), 270/270 VUs, 232801 complete and 0 interrupted iterations
listeners   [  53% ] 20 VUs       3m41.3s/7m0s
senders     [  63% ] 250/250 VUs  3m41.3s/5m50.0s

running (4m01.8s), 270/270 VUs, 233986 complete and 0 interrupted iterations
listeners   [  53% ] 20 VUs       3m42.3s/7m0s
senders     [  64% ] 250/250 VUs  3m42.3s/5m50.0s

running (4m02.8s), 270/270 VUs, 235142 complete and 0 interrupted iterations
listeners   [  53% ] 20 VUs       3m43.3s/7m0s
senders     [  64% ] 250/250 VUs  3m43.3s/5m50.0s

running (4m03.8s), 270/270 VUs, 236299 complete and 0 interrupted iterations
listeners   [  53% ] 20 VUs       3m44.3s/7m0s
senders     [  64% ] 250/250 VUs  3m44.3s/5m50.0s

running (4m04.8s), 270/270 VUs, 237493 complete and 0 interrupted iterations
listeners   [  54% ] 20 VUs       3m45.3s/7m0s
senders     [  64% ] 250/250 VUs  3m45.3s/5m50.0s

running (4m05.8s), 270/270 VUs, 238651 complete and 0 interrupted iterations
listeners   [  54% ] 20 VUs       3m46.3s/7m0s
senders     [  65% ] 250/250 VUs  3m46.3s/5m50.0s

running (4m06.8s), 270/270 VUs, 239769 complete and 0 interrupted iterations
listeners   [  54% ] 20 VUs       3m47.3s/7m0s
senders     [  65% ] 250/250 VUs  3m47.3s/5m50.0s

running (4m07.8s), 270/270 VUs, 240946 complete and 0 interrupted iterations
listeners   [  54% ] 20 VUs       3m48.3s/7m0s
senders     [  65% ] 250/250 VUs  3m48.3s/5m50.0s

running (4m08.8s), 270/270 VUs, 242075 complete and 0 interrupted iterations
listeners   [  55% ] 20 VUs       3m49.3s/7m0s
senders     [  66% ] 250/250 VUs  3m49.3s/5m50.0s

running (4m09.8s), 270/270 VUs, 243216 complete and 0 interrupted iterations
listeners   [  55% ] 20 VUs       3m50.3s/7m0s
senders     [  66% ] 250/250 VUs  3m50.3s/5m50.0s

running (4m10.8s), 270/270 VUs, 244416 complete and 0 interrupted iterations
listeners   [  55% ] 20 VUs       3m51.3s/7m0s
senders     [  66% ] 250/250 VUs  3m51.3s/5m50.0s

running (4m11.8s), 270/270 VUs, 245614 complete and 0 interrupted iterations
listeners   [  55% ] 20 VUs       3m52.3s/7m0s
senders     [  66% ] 250/250 VUs  3m52.3s/5m50.0s

running (4m12.8s), 270/270 VUs, 246815 complete and 0 interrupted iterations
listeners   [  56% ] 20 VUs       3m53.3s/7m0s
senders     [  67% ] 250/250 VUs  3m53.3s/5m50.0s

running (4m13.8s), 270/270 VUs, 248021 complete and 0 interrupted iterations
listeners   [  56% ] 20 VUs       3m54.3s/7m0s
senders     [  67% ] 250/250 VUs  3m54.3s/5m50.0s

running (4m14.8s), 270/270 VUs, 249201 complete and 0 interrupted iterations
listeners   [  56% ] 20 VUs       3m55.3s/7m0s
senders     [  67% ] 250/250 VUs  3m55.3s/5m50.0s

running (4m15.8s), 270/270 VUs, 250370 complete and 0 interrupted iterations
listeners   [  56% ] 20 VUs       3m56.3s/7m0s
senders     [  68% ] 250/250 VUs  3m56.3s/5m50.0s

running (4m16.8s), 270/270 VUs, 251472 complete and 0 interrupted iterations
listeners   [  56% ] 20 VUs       3m57.3s/7m0s
senders     [  68% ] 250/250 VUs  3m57.3s/5m50.0s

running (4m17.8s), 270/270 VUs, 252675 complete and 0 interrupted iterations
listeners   [  57% ] 20 VUs       3m58.3s/7m0s
senders     [  68% ] 250/250 VUs  3m58.3s/5m50.0s

running (4m18.8s), 270/270 VUs, 253866 complete and 0 interrupted iterations
listeners   [  57% ] 20 VUs       3m59.3s/7m0s
senders     [  68% ] 250/250 VUs  3m59.3s/5m50.0s

running (4m19.8s), 270/270 VUs, 255046 complete and 0 interrupted iterations
listeners   [  57% ] 20 VUs       4m00.3s/7m0s
senders     [  69% ] 250/250 VUs  4m00.3s/5m50.0s

running (4m20.8s), 270/270 VUs, 256201 complete and 0 interrupted iterations
listeners   [  57% ] 20 VUs       4m01.3s/7m0s
senders     [  69% ] 250/250 VUs  4m01.3s/5m50.0s

running (4m21.8s), 270/270 VUs, 257384 complete and 0 interrupted iterations
listeners   [  58% ] 20 VUs       4m02.3s/7m0s
senders     [  69% ] 250/250 VUs  4m02.3s/5m50.0s

running (4m22.8s), 270/270 VUs, 258532 complete and 0 interrupted iterations
listeners   [  58% ] 20 VUs       4m03.3s/7m0s
senders     [  70% ] 250/250 VUs  4m03.3s/5m50.0s

running (4m23.8s), 270/270 VUs, 259748 complete and 0 interrupted iterations
listeners   [  58% ] 20 VUs       4m04.3s/7m0s
senders     [  70% ] 250/250 VUs  4m04.3s/5m50.0s

running (4m24.8s), 270/270 VUs, 260949 complete and 0 interrupted iterations
listeners   [  58% ] 20 VUs       4m05.3s/7m0s
senders     [  70% ] 250/250 VUs  4m05.3s/5m50.0s

running (4m25.8s), 270/270 VUs, 262142 complete and 0 interrupted iterations
listeners   [  59% ] 20 VUs       4m06.3s/7m0s
senders     [  70% ] 250/250 VUs  4m06.3s/5m50.0s

running (4m26.8s), 270/270 VUs, 263336 complete and 0 interrupted iterations
listeners   [  59% ] 20 VUs       4m07.3s/7m0s
senders     [  71% ] 250/250 VUs  4m07.3s/5m50.0s

running (4m27.8s), 270/270 VUs, 264515 complete and 0 interrupted iterations
listeners   [  59% ] 20 VUs       4m08.3s/7m0s
senders     [  71% ] 250/250 VUs  4m08.3s/5m50.0s

running (4m28.8s), 270/270 VUs, 265676 complete and 0 interrupted iterations
listeners   [  59% ] 20 VUs       4m09.3s/7m0s
senders     [  71% ] 250/250 VUs  4m09.3s/5m50.0s

running (4m29.8s), 270/270 VUs, 266839 complete and 0 interrupted iterations
listeners   [  60% ] 20 VUs       4m10.3s/7m0s
senders     [  72% ] 250/250 VUs  4m10.3s/5m50.0s

running (4m30.8s), 270/270 VUs, 267884 complete and 0 interrupted iterations
listeners   [  60% ] 20 VUs       4m11.3s/7m0s
senders     [  72% ] 250/250 VUs  4m11.3s/5m50.0s

running (4m31.8s), 270/270 VUs, 268915 complete and 0 interrupted iterations
listeners   [  60% ] 20 VUs       4m12.3s/7m0s
senders     [  72% ] 250/250 VUs  4m12.3s/5m50.0s

running (4m32.8s), 270/270 VUs, 269764 complete and 0 interrupted iterations
listeners   [  60% ] 20 VUs       4m13.3s/7m0s
senders     [  72% ] 250/250 VUs  4m13.3s/5m50.0s

running (4m33.8s), 270/270 VUs, 270300 complete and 0 interrupted iterations
listeners   [  61% ] 20 VUs       4m14.3s/7m0s
senders     [  73% ] 250/250 VUs  4m14.3s/5m50.0s

running (4m34.8s), 270/270 VUs, 271125 complete and 0 interrupted iterations
listeners   [  61% ] 20 VUs       4m15.3s/7m0s
senders     [  73% ] 250/250 VUs  4m15.3s/5m50.0s

running (4m35.8s), 270/270 VUs, 272068 complete and 0 interrupted iterations
listeners   [  61% ] 20 VUs       4m16.3s/7m0s
senders     [  73% ] 250/250 VUs  4m16.3s/5m50.0s

running (4m36.8s), 270/270 VUs, 272731 complete and 0 interrupted iterations
listeners   [  61% ] 20 VUs       4m17.3s/7m0s
senders     [  74% ] 250/250 VUs  4m17.3s/5m50.0s

running (4m37.8s), 270/270 VUs, 273189 complete and 0 interrupted iterations
listeners   [  61% ] 20 VUs       4m18.3s/7m0s
senders     [  74% ] 250/250 VUs  4m18.3s/5m50.0s

running (4m38.8s), 270/270 VUs, 273888 complete and 0 interrupted iterations
listeners   [  62% ] 20 VUs       4m19.3s/7m0s
senders     [  74% ] 250/250 VUs  4m19.3s/5m50.0s

running (4m39.8s), 270/270 VUs, 274493 complete and 0 interrupted iterations
listeners   [  62% ] 20 VUs       4m20.3s/7m0s
senders     [  74% ] 250/250 VUs  4m20.3s/5m50.0s

running (4m40.8s), 270/270 VUs, 275114 complete and 0 interrupted iterations
listeners   [  62% ] 20 VUs       4m21.3s/7m0s
senders     [  75% ] 250/250 VUs  4m21.3s/5m50.0s

running (4m41.8s), 270/270 VUs, 275534 complete and 0 interrupted iterations
listeners   [  62% ] 20 VUs       4m22.3s/7m0s
senders     [  75% ] 250/250 VUs  4m22.3s/5m50.0s

running (4m42.8s), 270/270 VUs, 276324 complete and 0 interrupted iterations
listeners   [  63% ] 20 VUs       4m23.3s/7m0s
senders     [  75% ] 250/250 VUs  4m23.3s/5m50.0s

running (4m43.8s), 270/270 VUs, 277539 complete and 0 interrupted iterations
listeners   [  63% ] 20 VUs       4m24.3s/7m0s
senders     [  76% ] 250/250 VUs  4m24.3s/5m50.0s

running (4m44.8s), 270/270 VUs, 278743 complete and 0 interrupted iterations
listeners   [  63% ] 20 VUs       4m25.3s/7m0s
senders     [  76% ] 250/250 VUs  4m25.3s/5m50.0s

running (4m45.8s), 270/270 VUs, 279953 complete and 0 interrupted iterations
listeners   [  63% ] 20 VUs       4m26.3s/7m0s
senders     [  76% ] 250/250 VUs  4m26.3s/5m50.0s

running (4m46.8s), 270/270 VUs, 281098 complete and 0 interrupted iterations
listeners   [  64% ] 20 VUs       4m27.3s/7m0s
senders     [  76% ] 250/250 VUs  4m27.3s/5m50.0s
