
         /\      Grafana   /‾‾/  
    /\  /  \     |\  __   /  /   
   /  \/    \    | |/ /  /   ‾‾\ 
  /          \   |   (  |  (‾)  |
 / __________ \  |_|\_\  \_____/ 

     execution: local
        script: D:\javaproject\FlashChat\perf\k6\ten-room.js
        output: -

     scenarios: (100.00%) 2 scenarios, 270 max VUs, 7m5s max duration (incl. graceful stop):
              * listeners: 20 looping VUs for 7m0s (exec: listeners, gracefulStop: 5s)
              * senders: Up to 250 looping VUs for 5m50s over 3 stages (gracefulRampDown: 10s, exec: senders, gracefulStop: 30s)


Run         [ 100% ] setup()
listeners   [   0% ]
senders     [   0% ]

Run         [ 100% ] setup()
listeners   [   0% ]
senders     [   0% ]

Run         [ 100% ] setup()
listeners   [   0% ]
senders     [   0% ]

Run         [ 100% ] setup()
listeners   [   0% ]
senders     [   0% ]

Run         [ 100% ] setup()
listeners   [   0% ]
senders     [   0% ]

Run         [ 100% ] setup()
listeners   [   0% ]
senders     [   0% ]

Run         [ 100% ] setup()
listeners   [   0% ]
senders     [   0% ]

Run         [ 100% ] setup()
listeners   [   0% ]
senders     [   0% ]

Run         [ 100% ] setup()
listeners   [   0% ]
senders     [   0% ]

Run         [ 100% ] setup()
listeners   [   0% ]
senders     [   0% ]

Run         [ 100% ] setup()
listeners   [   0% ]
senders     [   0% ]

Run         [ 100% ] setup()
listeners   [   0% ]
senders     [   0% ]

Run         [ 100% ] setup()
listeners   [   0% ]
senders     [   0% ]

Run         [ 100% ] setup()
listeners   [   0% ]
senders     [   0% ]

Run         [ 100% ] setup()
listeners   [   0% ]
senders     [   0% ]

Run         [ 100% ] setup()
listeners   [   0% ]
senders     [   0% ]

Run         [ 100% ] setup()
listeners   [   0% ]
senders     [   0% ]

Run         [ 100% ] setup()
listeners   [   0% ]
senders     [   0% ]

Run         [ 100% ] setup()
listeners   [   0% ]
senders     [   0% ]

Run         [ 100% ] setup()
listeners   [   0% ]
senders     [   0% ]

Run         [ 100% ] setup()
listeners   [   0% ]
senders     [   0% ]

Run         [ 100% ] setup()
listeners   [   0% ]
senders     [   0% ]

Run         [ 100% ] setup()
listeners   [   0% ]
senders     [   0% ]

Run         [ 100% ] setup()
listeners   [   0% ]
senders     [   0% ]

Run         [ 100% ] setup()
listeners   [   0% ]
senders     [   0% ]

Run         [ 100% ] setup()
listeners   [   0% ]
senders     [   0% ]

Run         [ 100% ] setup()
listeners   [   0% ]
senders     [   0% ]

Run         [ 100% ] setup()
listeners   [   0% ]
senders     [   0% ]

Run         [ 100% ] setup()
listeners   [   0% ]
senders     [   0% ]

Run         [ 100% ] setup()
listeners   [   0% ]
senders     [   0% ]

Run         [ 100% ] setup()
listeners   [   0% ]
senders     [   0% ]

Run         [ 100% ] setup()
listeners   [   0% ]
senders     [   0% ]

Run         [ 100% ] setup()
listeners   [   0% ]
senders     [   0% ]

Run         [ 100% ] setup()
listeners   [   0% ]
senders     [   0% ]

Run         [ 100% ] setup()
listeners   [   0% ]
senders     [   0% ]

Run         [ 100% ] setup()
listeners   [   0% ]
senders     [   0% ]

Run         [ 100% ] setup()
listeners   [   0% ]
senders     [   0% ]

Run         [ 100% ] setup()
listeners   [   0% ]
senders     [   0% ]

running (0m38.9s), 021/270 VUs, 0 complete and 0 interrupted iterations
listeners   [   0% ] 20 VUs       0m00.0s/7m0s
senders     [   0% ] 001/250 VUs  0m00.0s/5m50.0s

running (0m39.9s), 029/270 VUs, 18 complete and 0 interrupted iterations
listeners   [   0% ] 20 VUs       0m01.0s/7m0s
senders     [   0% ] 009/250 VUs  0m01.0s/5m50.0s

running (0m40.9s), 037/270 VUs, 76 complete and 0 interrupted iterations
listeners   [   0% ] 20 VUs       0m02.0s/7m0s
senders     [   1% ] 017/250 VUs  0m02.0s/5m50.0s

running (0m41.9s), 046/270 VUs, 175 complete and 0 interrupted iterations
listeners   [   1% ] 20 VUs       0m03.0s/7m0s
senders     [   1% ] 026/250 VUs  0m03.0s/5m50.0s

running (0m42.9s), 054/270 VUs, 317 complete and 0 interrupted iterations
listeners   [   1% ] 20 VUs       0m04.0s/7m0s
senders     [   1% ] 034/250 VUs  0m04.0s/5m50.0s

running (0m43.9s), 062/270 VUs, 492 complete and 0 interrupted iterations
listeners   [   1% ] 20 VUs       0m05.0s/7m0s
senders     [   1% ] 042/250 VUs  0m05.0s/5m50.0s

running (0m44.9s), 071/270 VUs, 701 complete and 0 interrupted iterations
listeners   [   1% ] 20 VUs       0m06.0s/7m0s
senders     [   2% ] 051/250 VUs  0m06.0s/5m50.0s

running (0m45.9s), 079/270 VUs, 968 complete and 0 interrupted iterations
listeners   [   2% ] 20 VUs       0m07.0s/7m0s
senders     [   2% ] 059/250 VUs  0m07.0s/5m50.0s

running (0m46.9s), 087/270 VUs, 1275 complete and 0 interrupted iterations
listeners   [   2% ] 20 VUs       0m08.0s/7m0s
senders     [   2% ] 067/250 VUs  0m08.0s/5m50.0s

running (0m47.9s), 096/270 VUs, 1622 complete and 0 interrupted iterations
listeners   [   2% ] 20 VUs       0m09.0s/7m0s
senders     [   3% ] 076/250 VUs  0m09.0s/5m50.0s

running (0m48.9s), 104/270 VUs, 1962 complete and 0 interrupted iterations
listeners   [   2% ] 20 VUs       0m10.0s/7m0s
senders     [   3% ] 084/250 VUs  0m10.0s/5m50.0s

running (0m49.9s), 112/270 VUs, 2395 complete and 0 interrupted iterations
listeners   [   3% ] 20 VUs       0m11.0s/7m0s
senders     [   3% ] 092/250 VUs  0m11.0s/5m50.0s

running (0m50.9s), 120/270 VUs, 2858 complete and 0 interrupted iterations
listeners   [   3% ] 20 VUs       0m12.0s/7m0s
senders     [   3% ] 100/250 VUs  0m12.0s/5m50.0s

running (0m51.9s), 129/270 VUs, 3369 complete and 0 interrupted iterations
listeners   [   3% ] 20 VUs       0m13.0s/7m0s
senders     [   4% ] 109/250 VUs  0m13.0s/5m50.0s

running (0m52.9s), 137/270 VUs, 3917 complete and 0 interrupted iterations
listeners   [   3% ] 20 VUs       0m14.0s/7m0s
senders     [   4% ] 117/250 VUs  0m14.0s/5m50.0s

running (0m53.9s), 145/270 VUs, 4472 complete and 0 interrupted iterations
listeners   [   4% ] 20 VUs       0m15.0s/7m0s
senders     [   4% ] 125/250 VUs  0m15.0s/5m50.0s

running (0m54.9s), 154/270 VUs, 5091 complete and 0 interrupted iterations
listeners   [   4% ] 20 VUs       0m16.0s/7m0s
senders     [   5% ] 134/250 VUs  0m16.0s/5m50.0s

running (0m55.9s), 162/270 VUs, 5759 complete and 0 interrupted iterations
listeners   [   4% ] 20 VUs       0m17.0s/7m0s
senders     [   5% ] 142/250 VUs  0m17.0s/5m50.0s

running (0m56.9s), 170/270 VUs, 6468 complete and 0 interrupted iterations
listeners   [   4% ] 20 VUs       0m18.0s/7m0s
senders     [   5% ] 150/250 VUs  0m18.0s/5m50.0s

running (0m57.9s), 179/270 VUs, 7196 complete and 0 interrupted iterations
listeners   [   5% ] 20 VUs       0m19.0s/7m0s
senders     [   5% ] 159/250 VUs  0m19.0s/5m50.0s

running (0m58.9s), 187/270 VUs, 8002 complete and 0 interrupted iterations
listeners   [   5% ] 20 VUs       0m20.0s/7m0s
senders     [   6% ] 167/250 VUs  0m20.0s/5m50.0s

running (0m59.9s), 195/270 VUs, 8722 complete and 0 interrupted iterations
listeners   [   5% ] 20 VUs       0m21.0s/7m0s
senders     [   6% ] 175/250 VUs  0m21.0s/5m50.0s

running (1m00.9s), 203/270 VUs, 9546 complete and 0 interrupted iterations
listeners   [   5% ] 20 VUs       0m22.0s/7m0s
senders     [   6% ] 183/250 VUs  0m22.0s/5m50.0s

running (1m01.9s), 212/270 VUs, 10443 complete and 0 interrupted iterations
listeners   [   5% ] 20 VUs       0m23.0s/7m0s
senders     [   7% ] 192/250 VUs  0m23.0s/5m50.0s

running (1m02.9s), 220/270 VUs, 11362 complete and 0 interrupted iterations
listeners   [   6% ] 20 VUs       0m24.1s/7m0s
senders     [   7% ] 200/250 VUs  0m24.1s/5m50.0s

running (1m03.9s), 228/270 VUs, 12270 complete and 0 interrupted iterations
listeners   [   6% ] 20 VUs       0m25.0s/7m0s
senders     [   7% ] 208/250 VUs  0m25.0s/5m50.0s

running (1m04.9s), 237/270 VUs, 13281 complete and 0 interrupted iterations
listeners   [   6% ] 20 VUs       0m26.0s/7m0s
senders     [   7% ] 217/250 VUs  0m26.0s/5m50.0s

running (1m05.9s), 245/270 VUs, 14272 complete and 0 interrupted iterations
listeners   [   6% ] 20 VUs       0m27.0s/7m0s
senders     [   8% ] 225/250 VUs  0m27.0s/5m50.0s

running (1m06.9s), 253/270 VUs, 15344 complete and 0 interrupted iterations
listeners   [   7% ] 20 VUs       0m28.0s/7m0s
senders     [   8% ] 233/250 VUs  0m28.0s/5m50.0s

running (1m07.9s), 262/270 VUs, 16508 complete and 0 interrupted iterations
listeners   [   7% ] 20 VUs       0m29.0s/7m0s
senders     [   8% ] 242/250 VUs  0m29.0s/5m50.0s

running (1m08.9s), 270/270 VUs, 17592 complete and 0 interrupted iterations
listeners   [   7% ] 20 VUs       0m30.0s/7m0s
senders     [   9% ] 250/250 VUs  0m30.0s/5m50.0s

running (1m09.9s), 270/270 VUs, 18782 complete and 0 interrupted iterations
listeners   [   7% ] 20 VUs       0m31.0s/7m0s
senders     [   9% ] 250/250 VUs  0m31.0s/5m50.0s

running (1m10.9s), 270/270 VUs, 19955 complete and 0 interrupted iterations
listeners   [   8% ] 20 VUs       0m32.0s/7m0s
senders     [   9% ] 250/250 VUs  0m32.0s/5m50.0s

running (1m11.9s), 270/270 VUs, 21127 complete and 0 interrupted iterations
listeners   [   8% ] 20 VUs       0m33.0s/7m0s
senders     [   9% ] 250/250 VUs  0m33.0s/5m50.0s

running (1m12.9s), 270/270 VUs, 22317 complete and 0 interrupted iterations
listeners   [   8% ] 20 VUs       0m34.0s/7m0s
senders     [  10% ] 250/250 VUs  0m34.0s/5m50.0s

running (1m13.9s), 270/270 VUs, 23464 complete and 0 interrupted iterations
listeners   [   8% ] 20 VUs       0m35.0s/7m0s
senders     [  10% ] 250/250 VUs  0m35.0s/5m50.0s

running (1m14.9s), 270/270 VUs, 24588 complete and 0 interrupted iterations
listeners   [   9% ] 20 VUs       0m36.0s/7m0s
senders     [  10% ] 250/250 VUs  0m36.0s/5m50.0s

running (1m15.9s), 270/270 VUs, 25751 complete and 0 interrupted iterations
listeners   [   9% ] 20 VUs       0m37.0s/7m0s
senders     [  11% ] 250/250 VUs  0m37.0s/5m50.0s

running (1m16.9s), 270/270 VUs, 26920 complete and 0 interrupted iterations
listeners   [   9% ] 20 VUs       0m38.0s/7m0s
senders     [  11% ] 250/250 VUs  0m38.0s/5m50.0s

running (1m17.9s), 270/270 VUs, 28126 complete and 0 interrupted iterations
listeners   [   9% ] 20 VUs       0m39.0s/7m0s
senders     [  11% ] 250/250 VUs  0m39.0s/5m50.0s

running (1m18.9s), 270/270 VUs, 29307 complete and 0 interrupted iterations
listeners   [  10% ] 20 VUs       0m40.0s/7m0s
senders     [  11% ] 250/250 VUs  0m40.0s/5m50.0s

running (1m19.9s), 270/270 VUs, 30454 complete and 0 interrupted iterations
listeners   [  10% ] 20 VUs       0m41.0s/7m0s
senders     [  12% ] 250/250 VUs  0m41.0s/5m50.0s

running (1m20.9s), 270/270 VUs, 31381 complete and 0 interrupted iterations
listeners   [  10% ] 20 VUs       0m42.0s/7m0s
senders     [  12% ] 250/250 VUs  0m42.0s/5m50.0s

running (1m21.9s), 270/270 VUs, 32595 complete and 0 interrupted iterations
listeners   [  10% ] 20 VUs       0m43.0s/7m0s
senders     [  12% ] 250/250 VUs  0m43.0s/5m50.0s

running (1m22.9s), 270/270 VUs, 33794 complete and 0 interrupted iterations
listeners   [  10% ] 20 VUs       0m44.0s/7m0s
senders     [  13% ] 250/250 VUs  0m44.0s/5m50.0s

running (1m23.9s), 270/270 VUs, 34894 complete and 0 interrupted iterations
listeners   [  11% ] 20 VUs       0m45.0s/7m0s
senders     [  13% ] 250/250 VUs  0m45.0s/5m50.0s

running (1m24.9s), 270/270 VUs, 36000 complete and 0 interrupted iterations
listeners   [  11% ] 20 VUs       0m46.0s/7m0s
senders     [  13% ] 250/250 VUs  0m46.0s/5m50.0s

running (1m25.9s), 270/270 VUs, 37167 complete and 0 interrupted iterations
listeners   [  11% ] 20 VUs       0m47.0s/7m0s
senders     [  13% ] 250/250 VUs  0m47.0s/5m50.0s

running (1m26.9s), 270/270 VUs, 38385 complete and 0 interrupted iterations
listeners   [  11% ] 20 VUs       0m48.0s/7m0s
senders     [  14% ] 250/250 VUs  0m48.0s/5m50.0s

running (1m27.9s), 270/270 VUs, 39592 complete and 0 interrupted iterations
listeners   [  12% ] 20 VUs       0m49.0s/7m0s
senders     [  14% ] 250/250 VUs  0m49.0s/5m50.0s

running (1m28.9s), 270/270 VUs, 40819 complete and 0 interrupted iterations
listeners   [  12% ] 20 VUs       0m50.0s/7m0s
senders     [  14% ] 250/250 VUs  0m50.0s/5m50.0s

running (1m29.9s), 270/270 VUs, 42031 complete and 0 interrupted iterations
listeners   [  12% ] 20 VUs       0m51.0s/7m0s
senders     [  15% ] 250/250 VUs  0m51.0s/5m50.0s

running (1m30.9s), 270/270 VUs, 43237 complete and 0 interrupted iterations
listeners   [  12% ] 20 VUs       0m52.0s/7m0s
senders     [  15% ] 250/250 VUs  0m52.0s/5m50.0s

running (1m31.9s), 270/270 VUs, 44446 complete and 0 interrupted iterations
listeners   [  13% ] 20 VUs       0m53.0s/7m0s
senders     [  15% ] 250/250 VUs  0m53.0s/5m50.0s

running (1m32.9s), 270/270 VUs, 45681 complete and 0 interrupted iterations
listeners   [  13% ] 20 VUs       0m54.0s/7m0s
senders     [  15% ] 250/250 VUs  0m54.0s/5m50.0s

running (1m33.9s), 270/270 VUs, 46891 complete and 0 interrupted iterations
listeners   [  13% ] 20 VUs       0m55.0s/7m0s
senders     [  16% ] 250/250 VUs  0m55.0s/5m50.0s

running (1m34.9s), 270/270 VUs, 48083 complete and 0 interrupted iterations
listeners   [  13% ] 20 VUs       0m56.0s/7m0s
senders     [  16% ] 250/250 VUs  0m56.0s/5m50.0s

running (1m35.9s), 270/270 VUs, 49090 complete and 0 interrupted iterations
listeners   [  14% ] 20 VUs       0m57.1s/7m0s
senders     [  16% ] 250/250 VUs  0m57.1s/5m50.0s

running (1m36.9s), 270/270 VUs, 49429 complete and 0 interrupted iterations
listeners   [  14% ] 20 VUs       0m58.0s/7m0s
senders     [  17% ] 250/250 VUs  0m58.0s/5m50.0s

running (1m37.9s), 270/270 VUs, 50284 complete and 0 interrupted iterations
listeners   [  14% ] 20 VUs       0m59.0s/7m0s
senders     [  17% ] 250/250 VUs  0m59.0s/5m50.0s

running (1m38.9s), 270/270 VUs, 51447 complete and 0 interrupted iterations
listeners   [  14% ] 20 VUs       1m00.0s/7m0s
senders     [  17% ] 250/250 VUs  1m00.0s/5m50.0s

running (1m39.9s), 270/270 VUs, 52684 complete and 0 interrupted iterations
listeners   [  15% ] 20 VUs       1m01.0s/7m0s
senders     [  17% ] 250/250 VUs  1m01.0s/5m50.0s

running (1m40.9s), 270/270 VUs, 53875 complete and 0 interrupted iterations
listeners   [  15% ] 20 VUs       1m02.0s/7m0s
senders     [  18% ] 250/250 VUs  1m02.0s/5m50.0s

running (1m41.9s), 270/270 VUs, 55100 complete and 0 interrupted iterations
listeners   [  15% ] 20 VUs       1m03.0s/7m0s
senders     [  18% ] 250/250 VUs  1m03.0s/5m50.0s

running (1m42.9s), 270/270 VUs, 56275 complete and 0 interrupted iterations
listeners   [  15% ] 20 VUs       1m04.0s/7m0s
senders     [  18% ] 250/250 VUs  1m04.0s/5m50.0s

running (1m43.9s), 270/270 VUs, 57450 complete and 0 interrupted iterations
listeners   [  15% ] 20 VUs       1m05.0s/7m0s
senders     [  19% ] 250/250 VUs  1m05.0s/5m50.0s

running (1m44.9s), 270/270 VUs, 58675 complete and 0 interrupted iterations
listeners   [  16% ] 20 VUs       1m06.0s/7m0s
senders     [  19% ] 250/250 VUs  1m06.0s/5m50.0s

running (1m45.9s), 270/270 VUs, 59902 complete and 0 interrupted iterations
listeners   [  16% ] 20 VUs       1m07.0s/7m0s
senders     [  19% ] 250/250 VUs  1m07.0s/5m50.0s

running (1m46.9s), 270/270 VUs, 61076 complete and 0 interrupted iterations
listeners   [  16% ] 20 VUs       1m08.0s/7m0s
senders     [  19% ] 250/250 VUs  1m08.0s/5m50.0s

running (1m47.9s), 270/270 VUs, 62326 complete and 0 interrupted iterations
listeners   [  16% ] 20 VUs       1m09.0s/7m0s
senders     [  20% ] 250/250 VUs  1m09.0s/5m50.0s

running (1m48.9s), 270/270 VUs, 63489 complete and 0 interrupted iterations
listeners   [  17% ] 20 VUs       1m10.0s/7m0s
senders     [  20% ] 250/250 VUs  1m10.0s/5m50.0s

running (1m49.9s), 270/270 VUs, 64661 complete and 0 interrupted iterations
listeners   [  17% ] 20 VUs       1m11.0s/7m0s
senders     [  20% ] 250/250 VUs  1m11.0s/5m50.0s

running (1m50.9s), 270/270 VUs, 65749 complete and 0 interrupted iterations
listeners   [  17% ] 20 VUs       1m12.0s/7m0s
senders     [  21% ] 250/250 VUs  1m12.0s/5m50.0s

running (1m51.9s), 270/270 VUs, 66942 complete and 0 interrupted iterations
listeners   [  17% ] 20 VUs       1m13.0s/7m0s
senders     [  21% ] 250/250 VUs  1m13.0s/5m50.0s

running (1m52.9s), 270/270 VUs, 68136 complete and 0 interrupted iterations
listeners   [  18% ] 20 VUs       1m14.0s/7m0s
senders     [  21% ] 250/250 VUs  1m14.0s/5m50.0s

running (1m53.9s), 270/270 VUs, 69348 complete and 0 interrupted iterations
listeners   [  18% ] 20 VUs       1m15.0s/7m0s
senders     [  21% ] 250/250 VUs  1m15.0s/5m50.0s

running (1m54.9s), 270/270 VUs, 70532 complete and 0 interrupted iterations
listeners   [  18% ] 20 VUs       1m16.0s/7m0s
senders     [  22% ] 250/250 VUs  1m16.0s/5m50.0s

running (1m55.9s), 270/270 VUs, 71751 complete and 0 interrupted iterations
listeners   [  18% ] 20 VUs       1m17.0s/7m0s
senders     [  22% ] 250/250 VUs  1m17.0s/5m50.0s

running (1m56.9s), 270/270 VUs, 72946 complete and 0 interrupted iterations
listeners   [  19% ] 20 VUs       1m18.0s/7m0s
senders     [  22% ] 250/250 VUs  1m18.0s/5m50.0s

running (1m57.9s), 270/270 VUs, 74124 complete and 0 interrupted iterations
listeners   [  19% ] 20 VUs       1m19.0s/7m0s
senders     [  23% ] 250/250 VUs  1m19.0s/5m50.0s

running (1m58.9s), 270/270 VUs, 75275 complete and 0 interrupted iterations
listeners   [  19% ] 20 VUs       1m20.0s/7m0s
senders     [  23% ] 250/250 VUs  1m20.0s/5m50.0s

running (1m59.9s), 270/270 VUs, 76448 complete and 0 interrupted iterations
listeners   [  19% ] 20 VUs       1m21.0s/7m0s
senders     [  23% ] 250/250 VUs  1m21.0s/5m50.0s

running (2m00.9s), 270/270 VUs, 77598 complete and 0 interrupted iterations
listeners   [  20% ] 20 VUs       1m22.0s/7m0s
senders     [  23% ] 250/250 VUs  1m22.0s/5m50.0s

running (2m01.9s), 270/270 VUs, 78772 complete and 0 interrupted iterations
listeners   [  20% ] 20 VUs       1m23.0s/7m0s
senders     [  24% ] 250/250 VUs  1m23.0s/5m50.0s

running (2m02.9s), 270/270 VUs, 79956 complete and 0 interrupted iterations
listeners   [  20% ] 20 VUs       1m24.0s/7m0s
senders     [  24% ] 250/250 VUs  1m24.0s/5m50.0s

running (2m03.9s), 270/270 VUs, 81146 complete and 0 interrupted iterations
listeners   [  20% ] 20 VUs       1m25.0s/7m0s
senders     [  24% ] 250/250 VUs  1m25.0s/5m50.0s

running (2m04.9s), 270/270 VUs, 82292 complete and 0 interrupted iterations
listeners   [  20% ] 20 VUs       1m26.0s/7m0s
senders     [  25% ] 250/250 VUs  1m26.0s/5m50.0s

running (2m05.9s), 270/270 VUs, 83338 complete and 0 interrupted iterations
listeners   [  21% ] 20 VUs       1m27.0s/7m0s
senders     [  25% ] 250/250 VUs  1m27.0s/5m50.0s

running (2m06.9s), 270/270 VUs, 84227 complete and 0 interrupted iterations
listeners   [  21% ] 20 VUs       1m28.0s/7m0s
senders     [  25% ] 250/250 VUs  1m28.0s/5m50.0s

running (2m07.9s), 270/270 VUs, 85354 complete and 0 interrupted iterations
listeners   [  21% ] 20 VUs       1m29.0s/7m0s
senders     [  25% ] 250/250 VUs  1m29.0s/5m50.0s

running (2m08.9s), 270/270 VUs, 86514 complete and 0 interrupted iterations
listeners   [  21% ] 20 VUs       1m30.0s/7m0s
senders     [  26% ] 250/250 VUs  1m30.0s/5m50.0s

running (2m09.9s), 270/270 VUs, 87627 complete and 0 interrupted iterations
listeners   [  22% ] 20 VUs       1m31.0s/7m0s
senders     [  26% ] 250/250 VUs  1m31.0s/5m50.0s

running (2m10.9s), 270/270 VUs, 88793 complete and 0 interrupted iterations
listeners   [  22% ] 20 VUs       1m32.0s/7m0s
senders     [  26% ] 250/250 VUs  1m32.0s/5m50.0s

running (2m11.9s), 270/270 VUs, 89998 complete and 0 interrupted iterations
listeners   [  22% ] 20 VUs       1m33.0s/7m0s
senders     [  27% ] 250/250 VUs  1m33.0s/5m50.0s

running (2m12.9s), 270/270 VUs, 91191 complete and 0 interrupted iterations
listeners   [  22% ] 20 VUs       1m34.0s/7m0s
senders     [  27% ] 250/250 VUs  1m34.0s/5m50.0s

running (2m13.9s), 270/270 VUs, 92319 complete and 0 interrupted iterations
listeners   [  23% ] 20 VUs       1m35.0s/7m0s
senders     [  27% ] 250/250 VUs  1m35.0s/5m50.0s

running (2m14.9s), 270/270 VUs, 93409 complete and 0 interrupted iterations
listeners   [  23% ] 20 VUs       1m36.0s/7m0s
senders     [  27% ] 250/250 VUs  1m36.0s/5m50.0s

running (2m15.9s), 270/270 VUs, 94516 complete and 0 interrupted iterations
listeners   [  23% ] 20 VUs       1m37.0s/7m0s
senders     [  28% ] 250/250 VUs  1m37.0s/5m50.0s

running (2m16.9s), 270/270 VUs, 95658 complete and 0 interrupted iterations
listeners   [  23% ] 20 VUs       1m38.0s/7m0s
senders     [  28% ] 250/250 VUs  1m38.0s/5m50.0s

running (2m17.9s), 270/270 VUs, 96803 complete and 0 interrupted iterations
listeners   [  24% ] 20 VUs       1m39.0s/7m0s
senders     [  28% ] 250/250 VUs  1m39.0s/5m50.0s

running (2m18.9s), 270/270 VUs, 97907 complete and 0 interrupted iterations
listeners   [  24% ] 20 VUs       1m40.0s/7m0s
senders     [  29% ] 250/250 VUs  1m40.0s/5m50.0s

running (2m19.9s), 270/270 VUs, 98930 complete and 0 interrupted iterations
listeners   [  24% ] 20 VUs       1m41.0s/7m0s
senders     [  29% ] 250/250 VUs  1m41.0s/5m50.0s

running (2m20.9s), 270/270 VUs, 99981 complete and 0 interrupted iterations
listeners   [  24% ] 20 VUs       1m42.0s/7m0s
senders     [  29% ] 250/250 VUs  1m42.0s/5m50.0s

running (2m21.9s), 270/270 VUs, 101057 complete and 0 interrupted iterations
listeners   [  25% ] 20 VUs       1m43.0s/7m0s
senders     [  29% ] 250/250 VUs  1m43.0s/5m50.0s

running (2m22.9s), 270/270 VUs, 102165 complete and 0 interrupted iterations
listeners   [  25% ] 20 VUs       1m44.0s/7m0s
senders     [  30% ] 250/250 VUs  1m44.0s/5m50.0s

running (2m23.9s), 270/270 VUs, 103305 complete and 0 interrupted iterations
listeners   [  25% ] 20 VUs       1m45.0s/7m0s
senders     [  30% ] 250/250 VUs  1m45.0s/5m50.0s

running (2m24.9s), 270/270 VUs, 104452 complete and 0 interrupted iterations
listeners   [  25% ] 20 VUs       1m46.0s/7m0s
senders     [  30% ] 250/250 VUs  1m46.0s/5m50.0s

running (2m25.9s), 270/270 VUs, 105499 complete and 0 interrupted iterations
listeners   [  25% ] 20 VUs       1m47.0s/7m0s
senders     [  31% ] 250/250 VUs  1m47.0s/5m50.0s

running (2m26.9s), 270/270 VUs, 106710 complete and 0 interrupted iterations
listeners   [  26% ] 20 VUs       1m48.0s/7m0s
senders     [  31% ] 250/250 VUs  1m48.0s/5m50.0s

running (2m27.9s), 270/270 VUs, 107852 complete and 0 interrupted iterations
listeners   [  26% ] 20 VUs       1m49.0s/7m0s
senders     [  31% ] 250/250 VUs  1m49.0s/5m50.0s

running (2m28.9s), 270/270 VUs, 108928 complete and 0 interrupted iterations
listeners   [  26% ] 20 VUs       1m50.0s/7m0s
senders     [  31% ] 250/250 VUs  1m50.0s/5m50.0s

running (2m29.9s), 270/270 VUs, 109836 complete and 0 interrupted iterations
listeners   [  26% ] 20 VUs       1m51.0s/7m0s
senders     [  32% ] 250/250 VUs  1m51.0s/5m50.0s

running (2m30.9s), 270/270 VUs, 110959 complete and 0 interrupted iterations
listeners   [  27% ] 20 VUs       1m52.0s/7m0s
senders     [  32% ] 250/250 VUs  1m52.0s/5m50.0s

running (2m31.9s), 270/270 VUs, 112029 complete and 0 interrupted iterations
listeners   [  27% ] 20 VUs       1m53.0s/7m0s
senders     [  32% ] 250/250 VUs  1m53.0s/5m50.0s

running (2m32.9s), 270/270 VUs, 113127 complete and 0 interrupted iterations
listeners   [  27% ] 20 VUs       1m54.0s/7m0s
senders     [  33% ] 250/250 VUs  1m54.0s/5m50.0s

running (2m33.9s), 270/270 VUs, 114277 complete and 0 interrupted iterations
listeners   [  27% ] 20 VUs       1m55.0s/7m0s
senders     [  33% ] 250/250 VUs  1m55.0s/5m50.0s

running (2m34.9s), 270/270 VUs, 115461 complete and 0 interrupted iterations
listeners   [  28% ] 20 VUs       1m56.0s/7m0s
senders     [  33% ] 250/250 VUs  1m56.0s/5m50.0s

running (2m35.9s), 270/270 VUs, 116478 complete and 0 interrupted iterations
listeners   [  28% ] 20 VUs       1m57.0s/7m0s
senders     [  33% ] 250/250 VUs  1m57.0s/5m50.0s

running (2m36.9s), 270/270 VUs, 117552 complete and 0 interrupted iterations
listeners   [  28% ] 20 VUs       1m58.0s/7m0s
senders     [  34% ] 250/250 VUs  1m58.0s/5m50.0s

running (2m37.9s), 270/270 VUs, 118625 complete and 0 interrupted iterations
listeners   [  28% ] 20 VUs       1m59.0s/7m0s
senders     [  34% ] 250/250 VUs  1m59.0s/5m50.0s

running (2m38.9s), 270/270 VUs, 119798 complete and 0 interrupted iterations
listeners   [  29% ] 20 VUs       2m00.0s/7m0s
senders     [  34% ] 250/250 VUs  2m00.0s/5m50.0s

running (2m39.9s), 270/270 VUs, 120899 complete and 0 interrupted iterations
listeners   [  29% ] 20 VUs       2m01.0s/7m0s
senders     [  35% ] 250/250 VUs  2m01.0s/5m50.0s

running (2m40.9s), 270/270 VUs, 121947 complete and 0 interrupted iterations
listeners   [  29% ] 20 VUs       2m02.0s/7m0s
senders     [  35% ] 250/250 VUs  2m02.0s/5m50.0s

running (2m41.9s), 270/270 VUs, 123145 complete and 0 interrupted iterations
listeners   [  29% ] 20 VUs       2m03.0s/7m0s
senders     [  35% ] 250/250 VUs  2m03.0s/5m50.0s

running (2m42.9s), 270/270 VUs, 124285 complete and 0 interrupted iterations
listeners   [  30% ] 20 VUs       2m04.0s/7m0s
senders     [  35% ] 250/250 VUs  2m04.0s/5m50.0s

running (2m43.9s), 270/270 VUs, 125396 complete and 0 interrupted iterations
listeners   [  30% ] 20 VUs       2m05.0s/7m0s
senders     [  36% ] 250/250 VUs  2m05.0s/5m50.0s

running (2m44.9s), 270/270 VUs, 126574 complete and 0 interrupted iterations
listeners   [  30% ] 20 VUs       2m06.0s/7m0s
senders     [  36% ] 250/250 VUs  2m06.0s/5m50.0s

running (2m45.9s), 270/270 VUs, 127745 complete and 0 interrupted iterations
listeners   [  30% ] 20 VUs       2m07.0s/7m0s
senders     [  36% ] 250/250 VUs  2m07.0s/5m50.0s

running (2m46.9s), 270/270 VUs, 128955 complete and 0 interrupted iterations
listeners   [  30% ] 20 VUs       2m08.0s/7m0s
senders     [  37% ] 250/250 VUs  2m08.0s/5m50.0s

running (2m47.9s), 270/270 VUs, 130103 complete and 0 interrupted iterations
listeners   [  31% ] 20 VUs       2m09.0s/7m0s
senders     [  37% ] 250/250 VUs  2m09.0s/5m50.0s

running (2m48.9s), 270/270 VUs, 131198 complete and 0 interrupted iterations
listeners   [  31% ] 20 VUs       2m10.0s/7m0s
senders     [  37% ] 250/250 VUs  2m10.0s/5m50.0s

running (2m49.9s), 270/270 VUs, 132360 complete and 0 interrupted iterations
listeners   [  31% ] 20 VUs       2m11.0s/7m0s
senders     [  37% ] 250/250 VUs  2m11.0s/5m50.0s

running (2m50.9s), 270/270 VUs, 133243 complete and 0 interrupted iterations
listeners   [  31% ] 20 VUs       2m12.0s/7m0s
senders     [  38% ] 250/250 VUs  2m12.0s/5m50.0s

running (2m51.9s), 270/270 VUs, 134030 complete and 0 interrupted iterations
listeners   [  32% ] 20 VUs       2m13.0s/7m0s
senders     [  38% ] 250/250 VUs  2m13.0s/5m50.0s

running (2m52.9s), 270/270 VUs, 135162 complete and 0 interrupted iterations
listeners   [  32% ] 20 VUs       2m14.0s/7m0s
senders     [  38% ] 250/250 VUs  2m14.0s/5m50.0s

running (2m53.9s), 270/270 VUs, 136332 complete and 0 interrupted iterations
listeners   [  32% ] 20 VUs       2m15.0s/7m0s
senders     [  39% ] 250/250 VUs  2m15.0s/5m50.0s

running (2m54.9s), 270/270 VUs, 137434 complete and 0 interrupted iterations
listeners   [  32% ] 20 VUs       2m16.0s/7m0s
senders     [  39% ] 250/250 VUs  2m16.0s/5m50.0s

running (2m55.9s), 270/270 VUs, 138551 complete and 0 interrupted iterations
listeners   [  33% ] 20 VUs       2m17.0s/7m0s
senders     [  39% ] 250/250 VUs  2m17.0s/5m50.0s

running (2m56.9s), 270/270 VUs, 139752 complete and 0 interrupted iterations
listeners   [  33% ] 20 VUs       2m18.0s/7m0s
senders     [  39% ] 250/250 VUs  2m18.0s/5m50.0s

running (2m57.9s), 270/270 VUs, 140919 complete and 0 interrupted iterations
listeners   [  33% ] 20 VUs       2m19.0s/7m0s
senders     [  40% ] 250/250 VUs  2m19.0s/5m50.0s

running (2m58.9s), 270/270 VUs, 142061 complete and 0 interrupted iterations
listeners   [  33% ] 20 VUs       2m20.0s/7m0s
senders     [  40% ] 250/250 VUs  2m20.0s/5m50.0s

running (2m59.9s), 270/270 VUs, 143213 complete and 0 interrupted iterations
listeners   [  34% ] 20 VUs       2m21.0s/7m0s
senders     [  40% ] 250/250 VUs  2m21.0s/5m50.0s

running (3m00.9s), 270/270 VUs, 144244 complete and 0 interrupted iterations
listeners   [  34% ] 20 VUs       2m22.0s/7m0s
senders     [  41% ] 250/250 VUs  2m22.0s/5m50.0s

running (3m01.9s), 270/270 VUs, 145391 complete and 0 interrupted iterations
listeners   [  34% ] 20 VUs       2m23.0s/7m0s
senders     [  41% ] 250/250 VUs  2m23.0s/5m50.0s

running (3m02.9s), 270/270 VUs, 146553 complete and 0 interrupted iterations
listeners   [  34% ] 20 VUs       2m24.0s/7m0s
senders     [  41% ] 250/250 VUs  2m24.0s/5m50.0s

running (3m03.9s), 270/270 VUs, 147732 complete and 0 interrupted iterations
listeners   [  35% ] 20 VUs       2m25.0s/7m0s
senders     [  41% ] 250/250 VUs  2m25.0s/5m50.0s

running (3m04.9s), 270/270 VUs, 148912 complete and 0 interrupted iterations
listeners   [  35% ] 20 VUs       2m26.0s/7m0s
senders     [  42% ] 250/250 VUs  2m26.0s/5m50.0s

running (3m05.9s), 270/270 VUs, 149919 complete and 0 interrupted iterations
listeners   [  35% ] 20 VUs       2m27.0s/7m0s
senders     [  42% ] 250/250 VUs  2m27.0s/5m50.0s

running (3m06.9s), 270/270 VUs, 150936 complete and 0 interrupted iterations
listeners   [  35% ] 20 VUs       2m28.0s/7m0s
senders     [  42% ] 250/250 VUs  2m28.0s/5m50.0s

running (3m07.9s), 270/270 VUs, 152071 complete and 0 interrupted iterations
listeners   [  35% ] 20 VUs       2m29.0s/7m0s
senders     [  43% ] 250/250 VUs  2m29.0s/5m50.0s

running (3m08.9s), 270/270 VUs, 153227 complete and 0 interrupted iterations
listeners   [  36% ] 20 VUs       2m30.0s/7m0s
senders     [  43% ] 250/250 VUs  2m30.0s/5m50.0s

running (3m09.9s), 270/270 VUs, 154355 complete and 0 interrupted iterations
listeners   [  36% ] 20 VUs       2m31.0s/7m0s
senders     [  43% ] 250/250 VUs  2m31.0s/5m50.0s

running (3m10.9s), 270/270 VUs, 155438 complete and 0 interrupted iterations
listeners   [  36% ] 20 VUs       2m32.0s/7m0s
senders     [  43% ] 250/250 VUs  2m32.0s/5m50.0s

running (3m11.9s), 270/270 VUs, 156573 complete and 0 interrupted iterations
listeners   [  36% ] 20 VUs       2m33.0s/7m0s
senders     [  44% ] 250/250 VUs  2m33.0s/5m50.0s

running (3m12.9s), 270/270 VUs, 157688 complete and 0 interrupted iterations
listeners   [  37% ] 20 VUs       2m34.0s/7m0s
senders     [  44% ] 250/250 VUs  2m34.0s/5m50.0s

running (3m13.9s), 270/270 VUs, 158854 complete and 0 interrupted iterations
listeners   [  37% ] 20 VUs       2m35.0s/7m0s
senders     [  44% ] 250/250 VUs  2m35.0s/5m50.0s

running (3m14.9s), 270/270 VUs, 159998 complete and 0 interrupted iterations
listeners   [  37% ] 20 VUs       2m36.0s/7m0s
senders     [  45% ] 250/250 VUs  2m36.0s/5m50.0s

running (3m15.9s), 270/270 VUs, 161114 complete and 0 interrupted iterations
listeners   [  37% ] 20 VUs       2m37.0s/7m0s
senders     [  45% ] 250/250 VUs  2m37.0s/5m50.0s

running (3m16.9s), 270/270 VUs, 162163 complete and 0 interrupted iterations
listeners   [  38% ] 20 VUs       2m38.0s/7m0s
senders     [  45% ] 250/250 VUs  2m38.0s/5m50.0s

running (3m17.9s), 270/270 VUs, 163337 complete and 0 interrupted iterations
listeners   [  38% ] 20 VUs       2m39.0s/7m0s
senders     [  45% ] 250/250 VUs  2m39.0s/5m50.0s

running (3m18.9s), 270/270 VUs, 164384 complete and 0 interrupted iterations
listeners   [  38% ] 20 VUs       2m40.0s/7m0s
senders     [  46% ] 250/250 VUs  2m40.0s/5m50.0s

running (3m19.9s), 270/270 VUs, 165520 complete and 0 interrupted iterations
listeners   [  38% ] 20 VUs       2m41.0s/7m0s
senders     [  46% ] 250/250 VUs  2m41.0s/5m50.0s

running (3m20.9s), 270/270 VUs, 166539 complete and 0 interrupted iterations
listeners   [  39% ] 20 VUs       2m42.0s/7m0s
senders     [  46% ] 250/250 VUs  2m42.0s/5m50.0s

running (3m21.9s), 270/270 VUs, 167473 complete and 0 interrupted iterations
listeners   [  39% ] 20 VUs       2m43.0s/7m0s
senders     [  47% ] 250/250 VUs  2m43.0s/5m50.0s

running (3m22.9s), 270/270 VUs, 168582 complete and 0 interrupted iterations
listeners   [  39% ] 20 VUs       2m44.0s/7m0s
senders     [  47% ] 250/250 VUs  2m44.0s/5m50.0s

running (3m23.9s), 270/270 VUs, 169666 complete and 0 interrupted iterations
listeners   [  39% ] 20 VUs       2m45.0s/7m0s
senders     [  47% ] 250/250 VUs  2m45.0s/5m50.0s

running (3m24.9s), 270/270 VUs, 170750 complete and 0 interrupted iterations
listeners   [  40% ] 20 VUs       2m46.0s/7m0s
senders     [  47% ] 250/250 VUs  2m46.0s/5m50.0s

running (3m25.9s), 270/270 VUs, 171939 complete and 0 interrupted iterations
listeners   [  40% ] 20 VUs       2m47.0s/7m0s
senders     [  48% ] 250/250 VUs  2m47.0s/5m50.0s

running (3m26.9s), 270/270 VUs, 173126 complete and 0 interrupted iterations
listeners   [  40% ] 20 VUs       2m48.0s/7m0s
senders     [  48% ] 250/250 VUs  2m48.0s/5m50.0s

running (3m27.9s), 270/270 VUs, 174316 complete and 0 interrupted iterations
listeners   [  40% ] 20 VUs       2m49.0s/7m0s
senders     [  48% ] 250/250 VUs  2m49.0s/5m50.0s

running (3m28.9s), 270/270 VUs, 175494 complete and 0 interrupted iterations
listeners   [  40% ] 20 VUs       2m50.0s/7m0s
senders     [  49% ] 250/250 VUs  2m50.0s/5m50.0s

running (3m29.9s), 270/270 VUs, 176616 complete and 0 interrupted iterations
listeners   [  41% ] 20 VUs       2m51.0s/7m0s
senders     [  49% ] 250/250 VUs  2m51.0s/5m50.0s

running (3m30.9s), 270/270 VUs, 177741 complete and 0 interrupted iterations
listeners   [  41% ] 20 VUs       2m52.0s/7m0s
senders     [  49% ] 250/250 VUs  2m52.0s/5m50.0s

running (3m31.9s), 270/270 VUs, 178931 complete and 0 interrupted iterations
listeners   [  41% ] 20 VUs       2m53.0s/7m0s
senders     [  49% ] 250/250 VUs  2m53.0s/5m50.0s

running (3m32.9s), 270/270 VUs, 180124 complete and 0 interrupted iterations
listeners   [  41% ] 20 VUs       2m54.0s/7m0s
senders     [  50% ] 250/250 VUs  2m54.0s/5m50.0s

running (3m33.9s), 270/270 VUs, 181320 complete and 0 interrupted iterations
listeners   [  42% ] 20 VUs       2m55.0s/7m0s
senders     [  50% ] 250/250 VUs  2m55.0s/5m50.0s

running (3m34.9s), 270/270 VUs, 182421 complete and 0 interrupted iterations
listeners   [  42% ] 20 VUs       2m56.0s/7m0s
senders     [  50% ] 250/250 VUs  2m56.0s/5m50.0s

running (3m35.9s), 270/270 VUs, 183558 complete and 0 interrupted iterations
listeners   [  42% ] 20 VUs       2m57.0s/7m0s
senders     [  51% ] 250/250 VUs  2m57.0s/5m50.0s

running (3m36.9s), 270/270 VUs, 184687 complete and 0 interrupted iterations
listeners   [  42% ] 20 VUs       2m58.0s/7m0s
senders     [  51% ] 250/250 VUs  2m58.0s/5m50.0s

running (3m37.9s), 270/270 VUs, 185889 complete and 0 interrupted iterations
listeners   [  43% ] 20 VUs       2m59.0s/7m0s
senders     [  51% ] 250/250 VUs  2m59.0s/5m50.0s

running (3m38.9s), 270/270 VUs, 187053 complete and 0 interrupted iterations
listeners   [  43% ] 20 VUs       3m00.0s/7m0s
senders     [  51% ] 250/250 VUs  3m00.0s/5m50.0s

running (3m39.9s), 270/270 VUs, 188231 complete and 0 interrupted iterations
listeners   [  43% ] 20 VUs       3m01.0s/7m0s
senders     [  52% ] 250/250 VUs  3m01.0s/5m50.0s

running (3m40.9s), 270/270 VUs, 189191 complete and 0 interrupted iterations
listeners   [  43% ] 20 VUs       3m02.0s/7m0s
senders     [  52% ] 250/250 VUs  3m02.0s/5m50.0s

running (3m41.9s), 270/270 VUs, 190150 complete and 0 interrupted iterations
listeners   [  44% ] 20 VUs       3m03.0s/7m0s
senders     [  52% ] 250/250 VUs  3m03.0s/5m50.0s

running (3m42.9s), 270/270 VUs, 191215 complete and 0 interrupted iterations
listeners   [  44% ] 20 VUs       3m04.0s/7m0s
senders     [  53% ] 250/250 VUs  3m04.0s/5m50.0s

running (3m43.9s), 270/270 VUs, 192129 complete and 0 interrupted iterations
listeners   [  44% ] 20 VUs       3m05.0s/7m0s
senders     [  53% ] 250/250 VUs  3m05.0s/5m50.0s

running (3m44.9s), 270/270 VUs, 193146 complete and 0 interrupted iterations
listeners   [  44% ] 20 VUs       3m06.0s/7m0s
senders     [  53% ] 250/250 VUs  3m06.0s/5m50.0s

running (3m45.9s), 270/270 VUs, 194133 complete and 0 interrupted iterations
listeners   [  45% ] 20 VUs       3m07.0s/7m0s
senders     [  53% ] 250/250 VUs  3m07.0s/5m50.0s

running (3m46.9s), 270/270 VUs, 195147 complete and 0 interrupted iterations
listeners   [  45% ] 20 VUs       3m08.0s/7m0s
senders     [  54% ] 250/250 VUs  3m08.0s/5m50.0s

running (3m47.9s), 270/270 VUs, 196081 complete and 0 interrupted iterations
listeners   [  45% ] 20 VUs       3m09.0s/7m0s
senders     [  54% ] 250/250 VUs  3m09.0s/5m50.0s

running (3m48.9s), 270/270 VUs, 197092 complete and 0 interrupted iterations
listeners   [  45% ] 20 VUs       3m10.0s/7m0s
senders     [  54% ] 250/250 VUs  3m10.0s/5m50.0s

running (3m49.9s), 270/270 VUs, 198017 complete and 0 interrupted iterations
listeners   [  45% ] 20 VUs       3m11.0s/7m0s
senders     [  55% ] 250/250 VUs  3m11.0s/5m50.0s

running (3m50.9s), 270/270 VUs, 198945 complete and 0 interrupted iterations
listeners   [  46% ] 20 VUs       3m12.0s/7m0s
senders     [  55% ] 250/250 VUs  3m12.0s/5m50.0s

running (3m51.9s), 270/270 VUs, 199896 complete and 0 interrupted iterations
listeners   [  46% ] 20 VUs       3m13.0s/7m0s
senders     [  55% ] 250/250 VUs  3m13.0s/5m50.0s

running (3m52.9s), 270/270 VUs, 200892 complete and 0 interrupted iterations
listeners   [  46% ] 20 VUs       3m14.0s/7m0s
senders     [  55% ] 250/250 VUs  3m14.0s/5m50.0s

running (3m53.9s), 270/270 VUs, 201845 complete and 0 interrupted iterations
listeners   [  46% ] 20 VUs       3m15.0s/7m0s
senders     [  56% ] 250/250 VUs  3m15.0s/5m50.0s

running (3m54.9s), 270/270 VUs, 202827 complete and 0 interrupted iterations
listeners   [  47% ] 20 VUs       3m16.0s/7m0s
senders     [  56% ] 250/250 VUs  3m16.0s/5m50.0s

running (3m55.9s), 270/270 VUs, 203868 complete and 0 interrupted iterations
listeners   [  47% ] 20 VUs       3m17.0s/7m0s
senders     [  56% ] 250/250 VUs  3m17.0s/5m50.0s

running (3m56.9s), 270/270 VUs, 204901 complete and 0 interrupted iterations
listeners   [  47% ] 20 VUs       3m18.0s/7m0s
senders     [  57% ] 250/250 VUs  3m18.0s/5m50.0s

running (3m57.9s), 270/270 VUs, 205932 complete and 0 interrupted iterations
listeners   [  47% ] 20 VUs       3m19.0s/7m0s
senders     [  57% ] 250/250 VUs  3m19.0s/5m50.0s

running (3m58.9s), 270/270 VUs, 206940 complete and 0 interrupted iterations
listeners   [  48% ] 20 VUs       3m20.0s/7m0s
senders     [  57% ] 250/250 VUs  3m20.0s/5m50.0s

running (3m59.9s), 270/270 VUs, 207881 complete and 0 interrupted iterations
listeners   [  48% ] 20 VUs       3m21.0s/7m0s
senders     [  57% ] 250/250 VUs  3m21.0s/5m50.0s

running (4m00.9s), 270/270 VUs, 208874 complete and 0 interrupted iterations
listeners   [  48% ] 20 VUs       3m22.0s/7m0s
senders     [  58% ] 250/250 VUs  3m22.0s/5m50.0s

running (4m01.9s), 270/270 VUs, 209684 complete and 0 interrupted iterations
listeners   [  48% ] 20 VUs       3m23.0s/7m0s
senders     [  58% ] 250/250 VUs  3m23.0s/5m50.0s

running (4m02.9s), 270/270 VUs, 210749 complete and 0 interrupted iterations
listeners   [  49% ] 20 VUs       3m24.0s/7m0s
senders     [  58% ] 250/250 VUs  3m24.0s/5m50.0s

running (4m03.9s), 270/270 VUs, 211935 complete and 0 interrupted iterations
listeners   [  49% ] 20 VUs       3m25.0s/7m0s
senders     [  59% ] 250/250 VUs  3m25.0s/5m50.0s

running (4m04.9s), 270/270 VUs, 213121 complete and 0 interrupted iterations
listeners   [  49% ] 20 VUs       3m26.0s/7m0s
senders     [  59% ] 250/250 VUs  3m26.0s/5m50.0s

running (4m05.9s), 270/270 VUs, 214281 complete and 0 interrupted iterations
listeners   [  49% ] 20 VUs       3m27.0s/7m0s
senders     [  59% ] 250/250 VUs  3m27.0s/5m50.0s

running (4m06.9s), 270/270 VUs, 215221 complete and 0 interrupted iterations
listeners   [  50% ] 20 VUs       3m28.0s/7m0s
senders     [  59% ] 250/250 VUs  3m28.0s/5m50.0s

running (4m07.9s), 270/270 VUs, 216276 complete and 0 interrupted iterations
listeners   [  50% ] 20 VUs       3m29.0s/7m0s
senders     [  60% ] 250/250 VUs  3m29.0s/5m50.0s

running (4m08.9s), 270/270 VUs, 217387 complete and 0 interrupted iterations
listeners   [  50% ] 20 VUs       3m30.0s/7m0s
senders     [  60% ] 250/250 VUs  3m30.0s/5m50.0s

running (4m09.9s), 270/270 VUs, 218547 complete and 0 interrupted iterations
listeners   [  50% ] 20 VUs       3m31.0s/7m0s
senders     [  60% ] 250/250 VUs  3m31.0s/5m50.0s

running (4m10.9s), 270/270 VUs, 219724 complete and 0 interrupted iterations
listeners   [  50% ] 20 VUs       3m32.0s/7m0s
senders     [  61% ] 250/250 VUs  3m32.0s/5m50.0s

running (4m11.9s), 270/270 VUs, 220909 complete and 0 interrupted iterations
listeners   [  51% ] 20 VUs       3m33.0s/7m0s
senders     [  61% ] 250/250 VUs  3m33.0s/5m50.0s

running (4m12.9s), 270/270 VUs, 222078 complete and 0 interrupted iterations
listeners   [  51% ] 20 VUs       3m34.0s/7m0s
senders     [  61% ] 250/250 VUs  3m34.0s/5m50.0s

running (4m13.9s), 270/270 VUs, 223283 complete and 0 interrupted iterations
listeners   [  51% ] 20 VUs       3m35.0s/7m0s
senders     [  61% ] 250/250 VUs  3m35.0s/5m50.0s

running (4m14.9s), 270/270 VUs, 224475 complete and 0 interrupted iterations
listeners   [  51% ] 20 VUs       3m36.0s/7m0s
senders     [  62% ] 250/250 VUs  3m36.0s/5m50.0s

running (4m15.9s), 270/270 VUs, 225645 complete and 0 interrupted iterations
listeners   [  52% ] 20 VUs       3m37.0s/7m0s
senders     [  62% ] 250/250 VUs  3m37.0s/5m50.0s

running (4m16.9s), 270/270 VUs, 226867 complete and 0 interrupted iterations
listeners   [  52% ] 20 VUs       3m38.0s/7m0s
senders     [  62% ] 250/250 VUs  3m38.0s/5m50.0s

running (4m17.9s), 270/270 VUs, 228043 complete and 0 interrupted iterations
listeners   [  52% ] 20 VUs       3m39.0s/7m0s
senders     [  63% ] 250/250 VUs  3m39.0s/5m50.0s

running (4m18.9s), 270/270 VUs, 229115 complete and 0 interrupted iterations
listeners   [  52% ] 20 VUs       3m40.0s/7m0s
senders     [  63% ] 250/250 VUs  3m40.0s/5m50.0s

running (4m19.9s), 270/270 VUs, 230335 complete and 0 interrupted iterations
listeners   [  53% ] 20 VUs       3m41.0s/7m0s
senders     [  63% ] 250/250 VUs  3m41.0s/5m50.0s

running (4m20.9s), 270/270 VUs, 231559 complete and 0 interrupted iterations
listeners   [  53% ] 20 VUs       3m42.0s/7m0s
senders     [  63% ] 250/250 VUs  3m42.0s/5m50.0s

running (4m21.9s), 270/270 VUs, 232750 complete and 0 interrupted iterations
listeners   [  53% ] 20 VUs       3m43.0s/7m0s
senders     [  64% ] 250/250 VUs  3m43.0s/5m50.0s

running (4m22.9s), 270/270 VUs, 233936 complete and 0 interrupted iterations
listeners   [  53% ] 20 VUs       3m44.0s/7m0s
senders     [  64% ] 250/250 VUs  3m44.0s/5m50.0s

running (4m23.9s), 270/270 VUs, 235164 complete and 0 interrupted iterations
listeners   [  54% ] 20 VUs       3m45.0s/7m0s
senders     [  64% ] 250/250 VUs  3m45.0s/5m50.0s

running (4m24.9s), 270/270 VUs, 236362 complete and 0 interrupted iterations
listeners   [  54% ] 20 VUs       3m46.0s/7m0s
senders     [  65% ] 250/250 VUs  3m46.0s/5m50.0s

running (4m25.9s), 270/270 VUs, 237559 complete and 0 interrupted iterations
listeners   [  54% ] 20 VUs       3m47.0s/7m0s
senders     [  65% ] 250/250 VUs  3m47.0s/5m50.0s

running (4m26.9s), 270/270 VUs, 238761 complete and 0 interrupted iterations
listeners   [  54% ] 20 VUs       3m48.0s/7m0s
senders     [  65% ] 250/250 VUs  3m48.0s/5m50.0s

running (4m27.9s), 270/270 VUs, 239954 complete and 0 interrupted iterations
listeners   [  55% ] 20 VUs       3m49.0s/7m0s
senders     [  65% ] 250/250 VUs  3m49.0s/5m50.0s

running (4m28.9s), 270/270 VUs, 241173 complete and 0 interrupted iterations
listeners   [  55% ] 20 VUs       3m50.0s/7m0s
senders     [  66% ] 250/250 VUs  3m50.0s/5m50.0s

running (4m29.9s), 270/270 VUs, 242378 complete and 0 interrupted iterations
listeners   [  55% ] 20 VUs       3m51.0s/7m0s
senders     [  66% ] 250/250 VUs  3m51.0s/5m50.0s

running (4m30.9s), 270/270 VUs, 243558 complete and 0 interrupted iterations
listeners   [  55% ] 20 VUs       3m52.0s/7m0s
senders     [  66% ] 250/250 VUs  3m52.0s/5m50.0s

running (4m31.9s), 270/270 VUs, 244796 complete and 0 interrupted iterations
listeners   [  55% ] 20 VUs       3m53.0s/7m0s
senders     [  67% ] 250/250 VUs  3m53.0s/5m50.0s

running (4m32.9s), 270/270 VUs, 245989 complete and 0 interrupted iterations
listeners   [  56% ] 20 VUs       3m54.0s/7m0s
senders     [  67% ] 250/250 VUs  3m54.0s/5m50.0s

running (4m33.9s), 270/270 VUs, 247201 complete and 0 interrupted iterations
listeners   [  56% ] 20 VUs       3m55.0s/7m0s
senders     [  67% ] 250/250 VUs  3m55.0s/5m50.0s

running (4m34.9s), 270/270 VUs, 248397 complete and 0 interrupted iterations
listeners   [  56% ] 20 VUs       3m56.0s/7m0s
senders     [  67% ] 250/250 VUs  3m56.0s/5m50.0s

running (4m35.9s), 270/270 VUs, 249557 complete and 0 interrupted iterations
listeners   [  56% ] 20 VUs       3m57.0s/7m0s
senders     [  68% ] 250/250 VUs  3m57.0s/5m50.0s

running (4m36.9s), 270/270 VUs, 250703 complete and 0 interrupted iterations
listeners   [  57% ] 20 VUs       3m58.0s/7m0s
senders     [  68% ] 250/250 VUs  3m58.0s/5m50.0s

running (4m37.9s), 270/270 VUs, 251920 complete and 0 interrupted iterations
listeners   [  57% ] 20 VUs       3m59.0s/7m0s
senders     [  68% ] 250/250 VUs  3m59.0s/5m50.0s

running (4m38.9s), 270/270 VUs, 253115 complete and 0 interrupted iterations
listeners   [  57% ] 20 VUs       4m00.0s/7m0s
senders     [  69% ] 250/250 VUs  4m00.0s/5m50.0s

running (4m39.9s), 270/270 VUs, 254238 complete and 0 interrupted iterations
listeners   [  57% ] 20 VUs       4m01.0s/7m0s
senders     [  69% ] 250/250 VUs  4m01.0s/5m50.0s

running (4m40.9s), 270/270 VUs, 255251 complete and 0 interrupted iterations
listeners   [  58% ] 20 VUs       4m02.0s/7m0s
senders     [  69% ] 250/250 VUs  4m02.0s/5m50.0s

running (4m41.9s), 270/270 VUs, 256324 complete and 0 interrupted iterations
listeners   [  58% ] 20 VUs       4m03.0s/7m0s
senders     [  69% ] 250/250 VUs  4m03.0s/5m50.0s

running (4m42.9s), 270/270 VUs, 257327 complete and 0 interrupted iterations
listeners   [  58% ] 20 VUs       4m04.0s/7m0s
senders     [  70% ] 250/250 VUs  4m04.0s/5m50.0s

running (4m43.9s), 270/270 VUs, 258250 complete and 0 interrupted iterations
listeners   [  58% ] 20 VUs       4m05.0s/7m0s
senders     [  70% ] 250/250 VUs  4m05.0s/5m50.0s

running (4m44.9s), 270/270 VUs, 259228 complete and 0 interrupted iterations
listeners   [  59% ] 20 VUs       4m06.0s/7m0s
senders     [  70% ] 250/250 VUs  4m06.0s/5m50.0s

running (4m45.9s), 270/270 VUs, 260222 complete and 0 interrupted iterations
listeners   [  59% ] 20 VUs       4m07.0s/7m0s
senders     [  71% ] 250/250 VUs  4m07.0s/5m50.0s

running (4m46.9s), 270/270 VUs, 261404 complete and 0 interrupted iterations
listeners   [  59% ] 20 VUs       4m08.0s/7m0s
senders     [  71% ] 250/250 VUs  4m08.0s/5m50.0s

running (4m47.9s), 270/270 VUs, 262539 complete and 0 interrupted iterations
listeners   [  59% ] 20 VUs       4m09.0s/7m0s
senders     [  71% ] 250/250 VUs  4m09.0s/5m50.0s

running (4m48.9s), 270/270 VUs, 263700 complete and 0 interrupted iterations
listeners   [  60% ] 20 VUs       4m10.0s/7m0s
senders     [  71% ] 250/250 VUs  4m10.0s/5m50.0s

running (4m49.9s), 270/270 VUs, 264784 complete and 0 interrupted iterations
listeners   [  60% ] 20 VUs       4m11.0s/7m0s
senders     [  72% ] 250/250 VUs  4m11.0s/5m50.0s

running (4m50.9s), 270/270 VUs, 265701 complete and 0 interrupted iterations
listeners   [  60% ] 20 VUs       4m12.0s/7m0s
senders     [  72% ] 250/250 VUs  4m12.0s/5m50.0s

running (4m51.9s), 270/270 VUs, 266539 complete and 0 interrupted iterations
listeners   [  60% ] 20 VUs       4m13.0s/7m0s
senders     [  72% ] 250/250 VUs  4m13.0s/5m50.0s

running (4m52.9s), 270/270 VUs, 267547 complete and 0 interrupted iterations
listeners   [  60% ] 20 VUs       4m14.0s/7m0s
senders     [  73% ] 250/250 VUs  4m14.0s/5m50.0s

running (4m53.9s), 270/270 VUs, 268565 complete and 0 interrupted iterations
listeners   [  61% ] 20 VUs       4m15.0s/7m0s
senders     [  73% ] 250/250 VUs  4m15.0s/5m50.0s

running (4m54.9s), 270/270 VUs, 269514 complete and 0 interrupted iterations
listeners   [  61% ] 20 VUs       4m16.0s/7m0s
senders     [  73% ] 250/250 VUs  4m16.0s/5m50.0s

running (4m55.9s), 270/270 VUs, 270412 complete and 0 interrupted iterations
listeners   [  61% ] 20 VUs       4m17.0s/7m0s
senders     [  73% ] 250/250 VUs  4m17.0s/5m50.0s

running (4m56.9s), 270/270 VUs, 271425 complete and 0 interrupted iterations
listeners   [  61% ] 20 VUs       4m18.0s/7m0s
senders     [  74% ] 250/250 VUs  4m18.0s/5m50.0s

running (4m57.9s), 270/270 VUs, 272467 complete and 0 interrupted iterations
listeners   [  62% ] 20 VUs       4m19.0s/7m0s
senders     [  74% ] 250/250 VUs  4m19.0s/5m50.0s

running (4m58.9s), 270/270 VUs, 273493 complete and 0 interrupted iterations
listeners   [  62% ] 20 VUs       4m20.0s/7m0s
senders     [  74% ] 250/250 VUs  4m20.0s/5m50.0s

running (4m59.9s), 270/270 VUs, 274438 complete and 0 interrupted iterations
listeners   [  62% ] 20 VUs       4m21.0s/7m0s
senders     [  75% ] 250/250 VUs  4m21.0s/5m50.0s

running (5m00.9s), 270/270 VUs, 275338 complete and 0 interrupted iterations
listeners   [  62% ] 20 VUs       4m22.0s/7m0s
senders     [  75% ] 250/250 VUs  4m22.0s/5m50.0s

running (5m01.9s), 270/270 VUs, 276176 complete and 0 interrupted iterations
listeners   [  63% ] 20 VUs       4m23.0s/7m0s
senders     [  75% ] 250/250 VUs  4m23.0s/5m50.0s

running (5m02.9s), 270/270 VUs, 277225 complete and 0 interrupted iterations
listeners   [  63% ] 20 VUs       4m24.0s/7m0s
senders     [  75% ] 250/250 VUs  4m24.0s/5m50.0s

running (5m03.9s), 270/270 VUs, 278268 complete and 0 interrupted iterations
listeners   [  63% ] 20 VUs       4m25.0s/7m0s
senders     [  76% ] 250/250 VUs  4m25.0s/5m50.0s

running (5m04.9s), 270/270 VUs, 279317 complete and 0 interrupted iterations
listeners   [  63% ] 20 VUs       4m26.0s/7m0s
senders     [  76% ] 250/250 VUs  4m26.0s/5m50.0s

running (5m05.9s), 270/270 VUs, 280347 complete and 0 interrupted iterations
listeners   [  64% ] 20 VUs       4m27.0s/7m0s
senders     [  76% ] 250/250 VUs  4m27.0s/5m50.0s

running (5m06.9s), 270/270 VUs, 281342 complete and 0 interrupted iterations
listeners   [  64% ] 20 VUs       4m28.0s/7m0s
senders     [  77% ] 250/250 VUs  4m28.0s/5m50.0s

running (5m07.9s), 270/270 VUs, 282353 complete and 0 interrupted iterations
listeners   [  64% ] 20 VUs       4m29.0s/7m0s
senders     [  77% ] 250/250 VUs  4m29.0s/5m50.0s

running (5m08.9s), 270/270 VUs, 283324 complete and 0 interrupted iterations
listeners   [  64% ] 20 VUs       4m30.0s/7m0s
senders     [  77% ] 250/250 VUs  4m30.0s/5m50.0s

running (5m09.9s), 270/270 VUs, 284291 complete and 0 interrupted iterations
listeners   [  65% ] 20 VUs       4m31.0s/7m0s
senders     [  77% ] 250/250 VUs  4m31.0s/5m50.0s

running (5m10.9s), 270/270 VUs, 285177 complete and 0 interrupted iterations
listeners   [  65% ] 20 VUs       4m32.0s/7m0s
senders     [  78% ] 250/250 VUs  4m32.0s/5m50.0s

running (5m11.9s), 270/270 VUs, 286196 complete and 0 interrupted iterations
listeners   [  65% ] 20 VUs       4m33.0s/7m0s
senders     [  78% ] 250/250 VUs  4m33.0s/5m50.0s

running (5m12.9s), 270/270 VUs, 287169 complete and 0 interrupted iterations
listeners   [  65% ] 20 VUs       4m34.0s/7m0s
senders     [  78% ] 250/250 VUs  4m34.0s/5m50.0s

running (5m13.9s), 270/270 VUs, 288338 complete and 0 interrupted iterations
listeners   [  65% ] 20 VUs       4m35.0s/7m0s
senders     [  79% ] 250/250 VUs  4m35.0s/5m50.0s

running (5m14.9s), 270/270 VUs, 289344 complete and 0 interrupted iterations
listeners   [  66% ] 20 VUs       4m36.0s/7m0s
senders     [  79% ] 250/250 VUs  4m36.0s/5m50.0s

running (5m15.9s), 270/270 VUs, 290443 complete and 0 interrupted iterations
listeners   [  66% ] 20 VUs       4m37.0s/7m0s
senders     [  79% ] 250/250 VUs  4m37.0s/5m50.0s

running (5m16.9s), 270/270 VUs, 291526 complete and 0 interrupted iterations
listeners   [  66% ] 20 VUs       4m38.0s/7m0s
senders     [  79% ] 250/250 VUs  4m38.0s/5m50.0s

running (5m17.9s), 270/270 VUs, 292637 complete and 0 interrupted iterations
listeners   [  66% ] 20 VUs       4m39.0s/7m0s
senders     [  80% ] 250/250 VUs  4m39.0s/5m50.0s

running (5m18.9s), 270/270 VUs, 293757 complete and 0 interrupted iterations
listeners   [  67% ] 20 VUs       4m40.0s/7m0s
senders     [  80% ] 250/250 VUs  4m40.0s/5m50.0s

running (5m19.9s), 270/270 VUs, 294829 complete and 0 interrupted iterations
listeners   [  67% ] 20 VUs       4m41.0s/7m0s
senders     [  80% ] 250/250 VUs  4m41.0s/5m50.0s

running (5m20.9s), 270/270 VUs, 295941 complete and 0 interrupted iterations
listeners   [  67% ] 20 VUs       4m42.0s/7m0s
senders     [  81% ] 250/250 VUs  4m42.0s/5m50.0s

running (5m21.9s), 270/270 VUs, 296806 complete and 0 interrupted iterations
listeners   [  67% ] 20 VUs       4m43.0s/7m0s
senders     [  81% ] 250/250 VUs  4m43.0s/5m50.0s

running (5m22.9s), 270/270 VUs, 297871 complete and 0 interrupted iterations
listeners   [  68% ] 20 VUs       4m44.0s/7m0s
senders     [  81% ] 250/250 VUs  4m44.0s/5m50.0s

running (5m23.9s), 270/270 VUs, 298941 complete and 0 interrupted iterations
listeners   [  68% ] 20 VUs       4m45.0s/7m0s
senders     [  81% ] 250/250 VUs  4m45.0s/5m50.0s

running (5m24.9s), 270/270 VUs, 300067 complete and 0 interrupted iterations
listeners   [  68% ] 20 VUs       4m46.0s/7m0s
senders     [  82% ] 250/250 VUs  4m46.0s/5m50.0s

running (5m25.9s), 270/270 VUs, 301060 complete and 0 interrupted iterations
listeners   [  68% ] 20 VUs       4m47.0s/7m0s
senders     [  82% ] 250/250 VUs  4m47.0s/5m50.0s

running (5m26.9s), 270/270 VUs, 302000 complete and 0 interrupted iterations
listeners   [  69% ] 20 VUs       4m48.0s/7m0s
senders     [  82% ] 250/250 VUs  4m48.0s/5m50.0s

running (5m27.9s), 270/270 VUs, 303066 complete and 0 interrupted iterations
listeners   [  69% ] 20 VUs       4m49.0s/7m0s
senders     [  83% ] 250/250 VUs  4m49.0s/5m50.0s

running (5m28.9s), 270/270 VUs, 303808 complete and 0 interrupted iterations
listeners   [  69% ] 20 VUs       4m50.0s/7m0s
senders     [  83% ] 250/250 VUs  4m50.0s/5m50.0s

running (5m29.9s), 270/270 VUs, 304534 complete and 0 interrupted iterations
listeners   [  69% ] 20 VUs       4m51.0s/7m0s
senders     [  83% ] 250/250 VUs  4m51.0s/5m50.0s

running (5m30.9s), 270/270 VUs, 305354 complete and 0 interrupted iterations
listeners   [  70% ] 20 VUs       4m52.0s/7m0s
senders     [  83% ] 250/250 VUs  4m52.0s/5m50.0s

running (5m31.9s), 270/270 VUs, 306309 complete and 0 interrupted iterations
listeners   [  70% ] 20 VUs       4m53.0s/7m0s
senders     [  84% ] 250/250 VUs  4m53.0s/5m50.0s

running (5m32.9s), 270/270 VUs, 307424 complete and 0 interrupted iterations
listeners   [  70% ] 20 VUs       4m54.0s/7m0s
senders     [  84% ] 250/250 VUs  4m54.0s/5m50.0s

running (5m33.9s), 270/270 VUs, 308613 complete and 0 interrupted iterations
listeners   [  70% ] 20 VUs       4m55.0s/7m0s
senders     [  84% ] 250/250 VUs  4m55.0s/5m50.0s

running (5m34.9s), 270/270 VUs, 309780 complete and 0 interrupted iterations
listeners   [  70% ] 20 VUs       4m56.0s/7m0s
senders     [  85% ] 250/250 VUs  4m56.0s/5m50.0s

running (5m35.9s), 270/270 VUs, 310925 complete and 0 interrupted iterations
listeners   [  71% ] 20 VUs       4m57.0s/7m0s
senders     [  85% ] 250/250 VUs  4m57.0s/5m50.0s

running (5m36.9s), 270/270 VUs, 312065 complete and 0 interrupted iterations
listeners   [  71% ] 20 VUs       4m58.0s/7m0s
senders     [  85% ] 250/250 VUs  4m58.0s/5m50.0s

running (5m37.9s), 270/270 VUs, 313253 complete and 0 interrupted iterations
listeners   [  71% ] 20 VUs       4m59.0s/7m0s
senders     [  85% ] 250/250 VUs  4m59.0s/5m50.0s

running (5m38.9s), 270/270 VUs, 314416 complete and 0 interrupted iterations
listeners   [  71% ] 20 VUs       5m00.0s/7m0s
senders     [  86% ] 250/250 VUs  5m00.0s/5m50.0s

running (5m39.9s), 270/270 VUs, 315540 complete and 0 interrupted iterations
listeners   [  72% ] 20 VUs       5m01.0s/7m0s
senders     [  86% ] 250/250 VUs  5m01.0s/5m50.0s

running (5m40.9s), 270/270 VUs, 316697 complete and 0 interrupted iterations
listeners   [  72% ] 20 VUs       5m02.0s/7m0s
senders     [  86% ] 250/250 VUs  5m02.0s/5m50.0s

running (5m41.9s), 270/270 VUs, 317833 complete and 0 interrupted iterations
listeners   [  72% ] 20 VUs       5m03.0s/7m0s
senders     [  87% ] 250/250 VUs  5m03.0s/5m50.0s

running (5m42.9s), 270/270 VUs, 319041 complete and 0 interrupted iterations
listeners   [  72% ] 20 VUs       5m04.0s/7m0s
senders     [  87% ] 250/250 VUs  5m04.0s/5m50.0s

running (5m43.9s), 270/270 VUs, 320224 complete and 0 interrupted iterations
listeners   [  73% ] 20 VUs       5m05.0s/7m0s
senders     [  87% ] 250/250 VUs  5m05.0s/5m50.0s

running (5m44.9s), 270/270 VUs, 321411 complete and 0 interrupted iterations
listeners   [  73% ] 20 VUs       5m06.0s/7m0s
senders     [  87% ] 250/250 VUs  5m06.0s/5m50.0s

running (5m45.9s), 270/270 VUs, 322607 complete and 0 interrupted iterations
listeners   [  73% ] 20 VUs       5m07.0s/7m0s
senders     [  88% ] 250/250 VUs  5m07.0s/5m50.0s

running (5m46.9s), 270/270 VUs, 323740 complete and 0 interrupted iterations
listeners   [  73% ] 20 VUs       5m08.0s/7m0s
senders     [  88% ] 250/250 VUs  5m08.0s/5m50.0s

running (5m47.9s), 270/270 VUs, 324913 complete and 0 interrupted iterations
listeners   [  74% ] 20 VUs       5m09.0s/7m0s
senders     [  88% ] 250/250 VUs  5m09.0s/5m50.0s

running (5m48.9s), 270/270 VUs, 326036 complete and 0 interrupted iterations
listeners   [  74% ] 20 VUs       5m10.0s/7m0s
senders     [  89% ] 250/250 VUs  5m10.0s/5m50.0s

running (5m49.9s), 270/270 VUs, 327187 complete and 0 interrupted iterations
listeners   [  74% ] 20 VUs       5m11.0s/7m0s
senders     [  89% ] 250/250 VUs  5m11.0s/5m50.0s

running (5m50.9s), 270/270 VUs, 328343 complete and 0 interrupted iterations
listeners   [  74% ] 20 VUs       5m12.0s/7m0s
senders     [  89% ] 250/250 VUs  5m12.0s/5m50.0s

running (5m51.9s), 270/270 VUs, 329432 complete and 0 interrupted iterations
listeners   [  75% ] 20 VUs       5m13.0s/7m0s
senders     [  89% ] 250/250 VUs  5m13.0s/5m50.0s

running (5m52.9s), 270/270 VUs, 330598 complete and 0 interrupted iterations
listeners   [  75% ] 20 VUs       5m14.0s/7m0s
senders     [  90% ] 250/250 VUs  5m14.0s/5m50.0s

running (5m53.9s), 270/270 VUs, 331769 complete and 0 interrupted iterations
listeners   [  75% ] 20 VUs       5m15.0s/7m0s
senders     [  90% ] 250/250 VUs  5m15.0s/5m50.0s

running (5m54.9s), 270/270 VUs, 332960 complete and 0 interrupted iterations
listeners   [  75% ] 20 VUs       5m16.0s/7m0s
senders     [  90% ] 250/250 VUs  5m16.0s/5m50.0s

running (5m55.9s), 270/270 VUs, 334132 complete and 0 interrupted iterations
listeners   [  75% ] 20 VUs       5m17.0s/7m0s
senders     [  91% ] 250/250 VUs  5m17.0s/5m50.0s

running (5m56.9s), 270/270 VUs, 335248 complete and 0 interrupted iterations
listeners   [  76% ] 20 VUs       5m18.0s/7m0s
senders     [  91% ] 250/250 VUs  5m18.0s/5m50.0s

running (5m57.9s), 270/270 VUs, 336307 complete and 0 interrupted iterations
listeners   [  76% ] 20 VUs       5m19.0s/7m0s
senders     [  91% ] 250/250 VUs  5m19.0s/5m50.0s

running (5m58.9s), 270/270 VUs, 337406 complete and 0 interrupted iterations
listeners   [  76% ] 20 VUs       5m20.0s/7m0s
senders     [  91% ] 250/250 VUs  5m20.0s/5m50.0s

running (5m59.9s), 270/270 VUs, 338513 complete and 0 interrupted iterations
listeners   [  76% ] 20 VUs       5m21.0s/7m0s
senders     [  92% ] 250/250 VUs  5m21.0s/5m50.0s

running (6m00.9s), 270/270 VUs, 339628 complete and 0 interrupted iterations
listeners   [  77% ] 20 VUs       5m22.0s/7m0s
senders     [  92% ] 250/250 VUs  5m22.0s/5m50.0s

running (6m01.9s), 270/270 VUs, 340637 complete and 0 interrupted iterations
listeners   [  77% ] 20 VUs       5m23.0s/7m0s
senders     [  92% ] 250/250 VUs  5m23.0s/5m50.0s

running (6m02.9s), 270/270 VUs, 341537 complete and 0 interrupted iterations
listeners   [  77% ] 20 VUs       5m24.0s/7m0s
senders     [  93% ] 250/250 VUs  5m24.0s/5m50.0s

running (6m03.9s), 270/270 VUs, 342579 complete and 0 interrupted iterations
listeners   [  77% ] 20 VUs       5m25.0s/7m0s
senders     [  93% ] 250/250 VUs  5m25.0s/5m50.0s

running (6m04.9s), 270/270 VUs, 343592 complete and 0 interrupted iterations
listeners   [  78% ] 20 VUs       5m26.0s/7m0s
senders     [  93% ] 250/250 VUs  5m26.0s/5m50.0s

running (6m05.9s), 270/270 VUs, 344666 complete and 0 interrupted iterations
listeners   [  78% ] 20 VUs       5m27.0s/7m0s
senders     [  93% ] 250/250 VUs  5m27.0s/5m50.0s

running (6m06.9s), 270/270 VUs, 345571 complete and 0 interrupted iterations
listeners   [  78% ] 20 VUs       5m28.0s/7m0s
senders     [  94% ] 250/250 VUs  5m28.0s/5m50.0s

running (6m07.9s), 270/270 VUs, 346495 complete and 0 interrupted iterations
listeners   [  78% ] 20 VUs       5m29.0s/7m0s
senders     [  94% ] 250/250 VUs  5m29.0s/5m50.0s

running (6m08.9s), 270/270 VUs, 347422 complete and 0 interrupted iterations
listeners   [  79% ] 20 VUs       5m30.0s/7m0s
senders     [  94% ] 250/250 VUs  5m30.0s/5m50.0s

running (6m09.9s), 258/270 VUs, 348397 complete and 0 interrupted iterations
listeners   [  79% ] 20 VUs       5m31.0s/7m0s
senders     [  95% ] 238/250 VUs  5m31.0s/5m50.0s

running (6m10.9s), 246/270 VUs, 349352 complete and 0 interrupted iterations
listeners   [  79% ] 20 VUs       5m32.0s/7m0s
senders     [  95% ] 226/250 VUs  5m32.0s/5m50.0s

running (6m11.9s), 233/270 VUs, 350303 complete and 0 interrupted iterations
listeners   [  79% ] 20 VUs       5m33.0s/7m0s
senders     [  95% ] 213/250 VUs  5m33.0s/5m50.0s

running (6m12.9s), 221/270 VUs, 351258 complete and 0 interrupted iterations
listeners   [  80% ] 20 VUs       5m34.0s/7m0s
senders     [  95% ] 201/250 VUs  5m34.0s/5m50.0s

running (6m13.9s), 210/270 VUs, 352204 complete and 0 interrupted iterations
listeners   [  80% ] 20 VUs       5m35.0s/7m0s
senders     [  96% ] 190/250 VUs  5m35.0s/5m50.0s

running (6m14.9s), 197/270 VUs, 353085 complete and 0 interrupted iterations
listeners   [  80% ] 20 VUs       5m36.0s/7m0s
senders     [  96% ] 177/250 VUs  5m36.0s/5m50.0s

running (6m15.9s), 184/270 VUs, 353906 complete and 0 interrupted iterations
listeners   [  80% ] 20 VUs       5m37.0s/7m0s
senders     [  96% ] 164/250 VUs  5m37.0s/5m50.0s

running (6m16.9s), 171/270 VUs, 354682 complete and 0 interrupted iterations
listeners   [  80% ] 20 VUs       5m38.0s/7m0s
senders     [  97% ] 151/250 VUs  5m38.0s/5m50.0s

running (6m17.9s), 160/270 VUs, 355358 complete and 0 interrupted iterations
listeners   [  81% ] 20 VUs       5m39.0s/7m0s
senders     [  97% ] 140/250 VUs  5m39.0s/5m50.0s

running (6m18.9s), 147/270 VUs, 356022 complete and 0 interrupted iterations
listeners   [  81% ] 20 VUs       5m40.0s/7m0s
senders     [  97% ] 127/250 VUs  5m40.0s/5m50.0s

running (6m19.9s), 134/270 VUs, 356614 complete and 0 interrupted iterations
listeners   [  81% ] 20 VUs       5m41.0s/7m0s
senders     [  97% ] 114/250 VUs  5m41.0s/5m50.0s

running (6m20.9s), 122/270 VUs, 357131 complete and 0 interrupted iterations
listeners   [  81% ] 20 VUs       5m42.0s/7m0s
senders     [  98% ] 102/250 VUs  5m42.0s/5m50.0s

running (6m21.9s), 108/270 VUs, 357575 complete and 0 interrupted iterations
listeners   [  82% ] 20 VUs       5m43.0s/7m0s
senders     [  98% ] 088/250 VUs  5m43.0s/5m50.0s

running (6m22.9s), 097/270 VUs, 357962 complete and 0 interrupted iterations
listeners   [  82% ] 20 VUs       5m44.0s/7m0s
senders     [  98% ] 077/250 VUs  5m44.0s/5m50.0s

running (6m23.9s), 083/270 VUs, 358320 complete and 0 interrupted iterations
listeners   [  82% ] 20 VUs       5m45.0s/7m0s
senders     [  99% ] 063/250 VUs  5m45.0s/5m50.0s

running (6m24.9s), 071/270 VUs, 358614 complete and 0 interrupted iterations
listeners   [  82% ] 20 VUs       5m46.0s/7m0s
senders     [  99% ] 051/250 VUs  5m46.0s/5m50.0s

running (6m25.9s), 059/270 VUs, 358843 complete and 0 interrupted iterations
listeners   [  83% ] 20 VUs       5m47.0s/7m0s
senders     [  99% ] 039/250 VUs  5m47.0s/5m50.0s

running (6m26.9s), 046/270 VUs, 359002 complete and 0 interrupted iterations
listeners   [  83% ] 20 VUs       5m48.0s/7m0s
senders     [  99% ] 026/250 VUs  5m48.0s/5m50.0s

running (6m27.9s), 035/270 VUs, 359101 complete and 0 interrupted iterations
listeners   [  83% ] 20 VUs       5m49.0s/7m0s
senders     [ 100% ] 015/250 VUs  5m49.0s/5m50.0s

running (6m28.9s), 022/270 VUs, 359145 complete and 0 interrupted iterations
listeners   [  83% ] 20 VUs       5m50.0s/7m0s
senders   ↓ [ 100% ] 002/250 VUs  5m50s

running (6m29.9s), 020/270 VUs, 359147 complete and 0 interrupted iterations
listeners   [  84% ] 20 VUs       5m51.0s/7m0s
senders   ✓ [ 100% ] 000/250 VUs  5m50s

running (6m30.9s), 020/270 VUs, 359147 complete and 0 interrupted iterations
listeners   [  84% ] 20 VUs       5m52.0s/7m0s
senders   ✓ [ 100% ] 000/250 VUs  5m50s

running (6m31.9s), 020/270 VUs, 359147 complete and 0 interrupted iterations
listeners   [  84% ] 20 VUs       5m53.0s/7m0s
senders   ✓ [ 100% ] 000/250 VUs  5m50s

running (6m32.9s), 020/270 VUs, 359147 complete and 0 interrupted iterations
listeners   [  84% ] 20 VUs       5m54.0s/7m0s
senders   ✓ [ 100% ] 000/250 VUs  5m50s

running (6m33.9s), 020/270 VUs, 359147 complete and 0 interrupted iterations
listeners   [  85% ] 20 VUs       5m55.0s/7m0s
senders   ✓ [ 100% ] 000/250 VUs  5m50s

running (6m34.9s), 020/270 VUs, 359147 complete and 0 interrupted iterations
listeners   [  85% ] 20 VUs       5m56.0s/7m0s
senders   ✓ [ 100% ] 000/250 VUs  5m50s

running (6m35.9s), 020/270 VUs, 359147 complete and 0 interrupted iterations
listeners   [  85% ] 20 VUs       5m57.0s/7m0s
senders   ✓ [ 100% ] 000/250 VUs  5m50s

running (6m36.9s), 020/270 VUs, 359147 complete and 0 interrupted iterations
listeners   [  85% ] 20 VUs       5m58.0s/7m0s
senders   ✓ [ 100% ] 000/250 VUs  5m50s

running (6m37.9s), 020/270 VUs, 359147 complete and 0 interrupted iterations
listeners   [  85% ] 20 VUs       5m59.0s/7m0s
senders   ✓ [ 100% ] 000/250 VUs  5m50s

running (6m38.9s), 020/270 VUs, 359147 complete and 0 interrupted iterations
listeners   [  86% ] 20 VUs       6m00.0s/7m0s
senders   ✓ [ 100% ] 000/250 VUs  5m50s

running (6m39.9s), 020/270 VUs, 359147 complete and 0 interrupted iterations
listeners   [  86% ] 20 VUs       6m01.0s/7m0s
senders   ✓ [ 100% ] 000/250 VUs  5m50s

running (6m40.9s), 020/270 VUs, 359147 complete and 0 interrupted iterations
listeners   [  86% ] 20 VUs       6m02.0s/7m0s
senders   ✓ [ 100% ] 000/250 VUs  5m50s

running (6m41.9s), 020/270 VUs, 359147 complete and 0 interrupted iterations
listeners   [  86% ] 20 VUs       6m03.0s/7m0s
senders   ✓ [ 100% ] 000/250 VUs  5m50s

running (6m42.9s), 020/270 VUs, 359147 complete and 0 interrupted iterations
listeners   [  87% ] 20 VUs       6m04.0s/7m0s
senders   ✓ [ 100% ] 000/250 VUs  5m50s

running (6m43.9s), 020/270 VUs, 359147 complete and 0 interrupted iterations
listeners   [  87% ] 20 VUs       6m05.0s/7m0s
senders   ✓ [ 100% ] 000/250 VUs  5m50s

running (6m44.9s), 020/270 VUs, 359147 complete and 0 interrupted iterations
listeners   [  87% ] 20 VUs       6m06.0s/7m0s
senders   ✓ [ 100% ] 000/250 VUs  5m50s

running (6m45.9s), 020/270 VUs, 359147 complete and 0 interrupted iterations
listeners   [  87% ] 20 VUs       6m07.0s/7m0s
senders   ✓ [ 100% ] 000/250 VUs  5m50s

running (6m46.9s), 020/270 VUs, 359147 complete and 0 interrupted iterations
listeners   [  88% ] 20 VUs       6m08.0s/7m0s
senders   ✓ [ 100% ] 000/250 VUs  5m50s

running (6m47.9s), 020/270 VUs, 359147 complete and 0 interrupted iterations
listeners   [  88% ] 20 VUs       6m09.0s/7m0s
senders   ✓ [ 100% ] 000/250 VUs  5m50s

running (6m48.9s), 020/270 VUs, 359147 complete and 0 interrupted iterations
listeners   [  88% ] 20 VUs       6m10.0s/7m0s
senders   ✓ [ 100% ] 000/250 VUs  5m50s

running (6m49.9s), 020/270 VUs, 359147 complete and 0 interrupted iterations
listeners   [  88% ] 20 VUs       6m11.0s/7m0s
senders   ✓ [ 100% ] 000/250 VUs  5m50s

running (6m50.9s), 020/270 VUs, 359147 complete and 0 interrupted iterations
listeners   [  89% ] 20 VUs       6m12.0s/7m0s
senders   ✓ [ 100% ] 000/250 VUs  5m50s

running (6m51.9s), 020/270 VUs, 359147 complete and 0 interrupted iterations
listeners   [  89% ] 20 VUs       6m13.0s/7m0s
senders   ✓ [ 100% ] 000/250 VUs  5m50s

running (6m52.9s), 020/270 VUs, 359147 complete and 0 interrupted iterations
listeners   [  89% ] 20 VUs       6m14.0s/7m0s
senders   ✓ [ 100% ] 000/250 VUs  5m50s

running (6m53.9s), 020/270 VUs, 359147 complete and 0 interrupted iterations
listeners   [  89% ] 20 VUs       6m15.0s/7m0s
senders   ✓ [ 100% ] 000/250 VUs  5m50s

running (6m54.9s), 020/270 VUs, 359147 complete and 0 interrupted iterations
listeners   [  90% ] 20 VUs       6m16.0s/7m0s
senders   ✓ [ 100% ] 000/250 VUs  5m50s

running (6m55.9s), 020/270 VUs, 359147 complete and 0 interrupted iterations
listeners   [  90% ] 20 VUs       6m17.0s/7m0s
senders   ✓ [ 100% ] 000/250 VUs  5m50s

running (6m56.9s), 020/270 VUs, 359147 complete and 0 interrupted iterations
listeners   [  90% ] 20 VUs       6m18.0s/7m0s
senders   ✓ [ 100% ] 000/250 VUs  5m50s

running (6m57.9s), 020/270 VUs, 359147 complete and 0 interrupted iterations
listeners   [  90% ] 20 VUs       6m19.0s/7m0s
senders   ✓ [ 100% ] 000/250 VUs  5m50s

running (6m58.9s), 020/270 VUs, 359147 complete and 0 interrupted iterations
listeners   [  90% ] 20 VUs       6m20.0s/7m0s
senders   ✓ [ 100% ] 000/250 VUs  5m50s

running (6m59.9s), 020/270 VUs, 359147 complete and 0 interrupted iterations
listeners   [  91% ] 20 VUs       6m21.0s/7m0s
senders   ✓ [ 100% ] 000/250 VUs  5m50s

running (7m00.9s), 020/270 VUs, 359147 complete and 0 interrupted iterations
listeners   [  91% ] 20 VUs       6m22.0s/7m0s
senders   ✓ [ 100% ] 000/250 VUs  5m50s

running (7m01.9s), 020/270 VUs, 359147 complete and 0 interrupted iterations
listeners   [  91% ] 20 VUs       6m23.0s/7m0s
senders   ✓ [ 100% ] 000/250 VUs  5m50s

running (7m02.9s), 020/270 VUs, 359147 complete and 0 interrupted iterations
listeners   [  91% ] 20 VUs       6m24.0s/7m0s
senders   ✓ [ 100% ] 000/250 VUs  5m50s

running (7m03.9s), 020/270 VUs, 359147 complete and 0 interrupted iterations
listeners   [  92% ] 20 VUs       6m25.0s/7m0s
senders   ✓ [ 100% ] 000/250 VUs  5m50s

running (7m04.9s), 020/270 VUs, 359147 complete and 0 interrupted iterations
listeners   [  92% ] 20 VUs       6m26.0s/7m0s
senders   ✓ [ 100% ] 000/250 VUs  5m50s

running (7m05.9s), 020/270 VUs, 359147 complete and 0 interrupted iterations
listeners   [  92% ] 20 VUs       6m27.0s/7m0s
senders   ✓ [ 100% ] 000/250 VUs  5m50s

running (7m06.9s), 020/270 VUs, 359147 complete and 0 interrupted iterations
listeners   [  92% ] 20 VUs       6m28.0s/7m0s
senders   ✓ [ 100% ] 000/250 VUs  5m50s

running (7m07.9s), 020/270 VUs, 359147 complete and 0 interrupted iterations
listeners   [  93% ] 20 VUs       6m29.0s/7m0s
senders   ✓ [ 100% ] 000/250 VUs  5m50s

running (7m08.9s), 020/270 VUs, 359147 complete and 0 interrupted iterations
listeners   [  93% ] 20 VUs       6m30.0s/7m0s
senders   ✓ [ 100% ] 000/250 VUs  5m50s

running (7m09.9s), 020/270 VUs, 359147 complete and 0 interrupted iterations
listeners   [  93% ] 20 VUs       6m31.0s/7m0s
senders   ✓ [ 100% ] 000/250 VUs  5m50s

running (7m10.9s), 020/270 VUs, 359147 complete and 0 interrupted iterations
listeners   [  93% ] 20 VUs       6m32.0s/7m0s
senders   ✓ [ 100% ] 000/250 VUs  5m50s

running (7m11.9s), 020/270 VUs, 359147 complete and 0 interrupted iterations
listeners   [  94% ] 20 VUs       6m33.0s/7m0s
senders   ✓ [ 100% ] 000/250 VUs  5m50s

running (7m12.9s), 020/270 VUs, 359147 complete and 0 interrupted iterations
listeners   [  94% ] 20 VUs       6m34.0s/7m0s
senders   ✓ [ 100% ] 000/250 VUs  5m50s

running (7m13.9s), 020/270 VUs, 359147 complete and 0 interrupted iterations
listeners   [  94% ] 20 VUs       6m35.0s/7m0s
senders   ✓ [ 100% ] 000/250 VUs  5m50s

running (7m14.9s), 020/270 VUs, 359147 complete and 0 interrupted iterations
listeners   [  94% ] 20 VUs       6m36.0s/7m0s
senders   ✓ [ 100% ] 000/250 VUs  5m50s

running (7m15.9s), 020/270 VUs, 359147 complete and 0 interrupted iterations
listeners   [  95% ] 20 VUs       6m37.0s/7m0s
senders   ✓ [ 100% ] 000/250 VUs  5m50s

running (7m16.9s), 020/270 VUs, 359147 complete and 0 interrupted iterations
listeners   [  95% ] 20 VUs       6m38.0s/7m0s
senders   ✓ [ 100% ] 000/250 VUs  5m50s

running (7m17.9s), 020/270 VUs, 359147 complete and 0 interrupted iterations
listeners   [  95% ] 20 VUs       6m39.0s/7m0s
senders   ✓ [ 100% ] 000/250 VUs  5m50s

running (7m18.9s), 020/270 VUs, 359147 complete and 0 interrupted iterations
listeners   [  95% ] 20 VUs       6m40.0s/7m0s
senders   ✓ [ 100% ] 000/250 VUs  5m50s

running (7m19.9s), 020/270 VUs, 359147 complete and 0 interrupted iterations
listeners   [  95% ] 20 VUs       6m41.0s/7m0s
senders   ✓ [ 100% ] 000/250 VUs  5m50s

running (7m20.9s), 020/270 VUs, 359147 complete and 0 interrupted iterations
listeners   [  96% ] 20 VUs       6m42.0s/7m0s
senders   ✓ [ 100% ] 000/250 VUs  5m50s

running (7m21.9s), 020/270 VUs, 359147 complete and 0 interrupted iterations
listeners   [  96% ] 20 VUs       6m43.0s/7m0s
senders   ✓ [ 100% ] 000/250 VUs  5m50s

running (7m22.9s), 020/270 VUs, 359147 complete and 0 interrupted iterations
listeners   [  96% ] 20 VUs       6m44.0s/7m0s
senders   ✓ [ 100% ] 000/250 VUs  5m50s

running (7m23.9s), 020/270 VUs, 359147 complete and 0 interrupted iterations
listeners   [  96% ] 20 VUs       6m45.0s/7m0s
senders   ✓ [ 100% ] 000/250 VUs  5m50s

running (7m24.9s), 020/270 VUs, 359147 complete and 0 interrupted iterations
listeners   [  97% ] 20 VUs       6m46.0s/7m0s
senders   ✓ [ 100% ] 000/250 VUs  5m50s

running (7m25.9s), 020/270 VUs, 359147 complete and 0 interrupted iterations
listeners   [  97% ] 20 VUs       6m47.0s/7m0s
senders   ✓ [ 100% ] 000/250 VUs  5m50s

running (7m26.9s), 020/270 VUs, 359147 complete and 0 interrupted iterations
listeners   [  97% ] 20 VUs       6m48.0s/7m0s
senders   ✓ [ 100% ] 000/250 VUs  5m50s

running (7m27.9s), 020/270 VUs, 359147 complete and 0 interrupted iterations
listeners   [  97% ] 20 VUs       6m49.0s/7m0s
senders   ✓ [ 100% ] 000/250 VUs  5m50s

running (7m28.9s), 020/270 VUs, 359147 complete and 0 interrupted iterations
listeners   [  98% ] 20 VUs       6m50.0s/7m0s
senders   ✓ [ 100% ] 000/250 VUs  5m50s

running (7m29.9s), 020/270 VUs, 359147 complete and 0 interrupted iterations
listeners   [  98% ] 20 VUs       6m51.0s/7m0s
senders   ✓ [ 100% ] 000/250 VUs  5m50s

running (7m30.9s), 020/270 VUs, 359147 complete and 0 interrupted iterations
listeners   [  98% ] 20 VUs       6m52.0s/7m0s
senders   ✓ [ 100% ] 000/250 VUs  5m50s

running (7m31.9s), 020/270 VUs, 359147 complete and 0 interrupted iterations
listeners   [  98% ] 20 VUs       6m53.0s/7m0s
senders   ✓ [ 100% ] 000/250 VUs  5m50s

running (7m32.9s), 020/270 VUs, 359147 complete and 0 interrupted iterations
listeners   [  99% ] 20 VUs       6m54.0s/7m0s
senders   ✓ [ 100% ] 000/250 VUs  5m50s

running (7m33.9s), 020/270 VUs, 359147 complete and 0 interrupted iterations
listeners   [  99% ] 20 VUs       6m55.0s/7m0s
senders   ✓ [ 100% ] 000/250 VUs  5m50s

running (7m34.9s), 020/270 VUs, 359147 complete and 0 interrupted iterations
listeners   [  99% ] 20 VUs       6m56.0s/7m0s
senders   ✓ [ 100% ] 000/250 VUs  5m50s

running (7m35.9s), 020/270 VUs, 359147 complete and 0 interrupted iterations
listeners   [  99% ] 20 VUs       6m57.0s/7m0s
senders   ✓ [ 100% ] 000/250 VUs  5m50s

running (7m36.9s), 020/270 VUs, 359147 complete and 0 interrupted iterations
listeners   [ 100% ] 20 VUs       6m58.0s/7m0s
senders   ✓ [ 100% ] 000/250 VUs  5m50s

running (7m37.9s), 020/270 VUs, 359147 complete and 0 interrupted iterations
listeners   [ 100% ] 20 VUs       6m59.0s/7m0s
senders   ✓ [ 100% ] 000/250 VUs  5m50s

running (7m38.9s), 020/270 VUs, 359147 complete and 0 interrupted iterations
listeners ↓ [ 100% ] 20 VUs       7m0s
senders   ✓ [ 100% ] 000/250 VUs  5m50s

running (7m38.9s), 000/270 VUs, 359167 complete and 0 interrupted iterations
listeners ✓ [ 100% ] 20 VUs       7m0s
senders   ✓ [ 100% ] 000/250 VUs  5m50s
